This is TeX, Version 3.14159 (Web2C 7.2) (format=latex 2002.6.13)  17 MAY 2005 17:52
**PRG-RR-04-23.tex
(PRG-RR-04-23.tex
LaTeX2e <2001/06/01>
(/fs/tex/tex7.2b/texmf/tex/latex/OUCL/OUCLdocument.cls
Document Class: OUCLdocument 1996/07/17 OUCL document class
(/fs/tex/latex20010601/tex/article.cls
Document Class: article 2001/04/21 v1.4e Standard LaTeX document class
(/fs/tex/latex20010601/tex/size11.clo
File: size11.clo 2001/04/21 v1.4e Standard LaTeX file (size option)
)
\c@part=\count79
\c@section=\count80
\c@subsection=\count81
\c@subsubsection=\count82
\c@paragraph=\count83
\c@subparagraph=\count84
\c@figure=\count85
\c@table=\count86
\abovecaptionskip=\skip41
\belowcaptionskip=\skip42
\bibindent=\dimen102
)
(/fs/tex/tex7.2b/texmf/tex/latex/OUCL/papersize.sty
Package: papersize 1995/09/22 Paper size package
)
\c@chapter=\count87
)
(/users/news/tex/macros/a4wide.sty)
(/fs/tex/tex7.2b/texmf/tex/latex/tools/rawfonts.sty
Package: rawfonts 1994/05/08 Low-level LaTeX 2.09 font compatibility

(/fs/tex/tex7.2b/texmf/tex/latex/tools/somedefs.sty
Package: somedefs 1994/06/01 Toolkit for optional definitions
)
LaTeX Font Info:    Try loading font information for U+lasy on input line 34.

(/fs/tex/latex20010601/tex/ulasy.fd
File: ulasy.fd 1998/08/17 v2.2e LaTeX symbol font definitions
))
(/fs/tex/tex7.2b/texmf/tex/latex/amslatex/amsmath.sty
Package: amsmath 1997/03/20 v1.2d AMS math features
\@mathmargin=\skip43

(/fs/tex/tex7.2b/texmf/tex/latex/amslatex/amstext.sty
Package: amstext 1996/10/28 v1.2b

(/fs/tex/tex7.2b/texmf/tex/latex/amslatex/amsgen.sty
File: amsgen 1996/10/29 v1.2b
\@emptytoks=\toks14
\ex@=\dimen103
))
(/fs/tex/tex7.2b/texmf/tex/latex/amslatex/amsbsy.sty
Package: amsbsy 1996/10/28 v1.2b
\pmbraise@=\dimen104
)
(/fs/tex/tex7.2b/texmf/tex/latex/amslatex/amsopn.sty
Package: amsopn 1996/10/28 v1.2b operator names
)
LaTeX Info: Redefining \frac on input line 188.
\uproot@=\count88
\leftroot@=\count89
\classnum@=\count90
\DOTSCASE@=\count91
LaTeX Info: Redefining \dots on input line 335.
LaTeX Info: Redefining \ldots on input line 418.
LaTeX Info: Redefining \cdots on input line 422.
\Mathstrutbox@=\box26
\strutbox@=\box27
\big@size=\dimen105
LaTeX Font Info:    Redeclaring font encoding OML on input line 500.
LaTeX Font Info:    Redeclaring font encoding OMS on input line 501.
\skewcharcount@=\count92
\familycount@=\count93
\pointcount@=\count94
\accentdimen@=\dimen106
\accentmu@=\count95
\minaw@=\dimen107
\c@MaxMatrixCols=\count96
\dotsspace@=\muskip10
\c@parentequation=\count97
\dspbrk@lvl=\count98
\tag@help=\toks15
\row@=\count99
\column@=\count100
\maxfields@=\count101
\andhelp@=\toks16
\eqnshift@=\dimen108
\alignsep@=\dimen109
\tagshift@=\dimen110
\tagwidth@=\dimen111
\totwidth@=\dimen112
\lineht@=\dimen113
\@envbody=\toks17
\multlinegap=\skip44
\multlinetaggap=\skip45
)
(/fs/tex/tex7.2b/texmf/tex/latex/amslatex/amsthm.sty
Package: amsthm 1996/10/24 v1.2d
\thm@style=\toks18
\thm@bodyfont=\toks19
\thm@headfont=\toks20
\thm@notefont=\toks21
\thm@headpunct=\toks22
\thm@preskip=\skip46
\thm@postskip=\skip47
)
(/fs/tex/tex7.2b/texmf/tex/latex/amsfonts/amssymb.sty
Package: amssymb 1996/11/03 v2.2b

(/fs/tex/tex7.2b/texmf/tex/latex/amsfonts/amsfonts.sty
Package: amsfonts 1997/09/17 v2.2e
\symAMSa=\mathgroup4
\symAMSb=\mathgroup5
LaTeX Font Info:    Overwriting math alphabet `\mathfrak' in version `bold'
(Font)                  U/euf/m/n --> U/euf/b/n on input line 133.
))
(/fs/tex/tex7.2b/texmf/tex/latex/graphics/graphicx.sty
Package: graphicx 1999/02/16 v1.0f Enhanced LaTeX Graphics (DPC,SPQR)

(/fs/tex/tex7.2b/texmf/tex/latex/graphics/keyval.sty
Package: keyval 1999/03/16 v1.13 key=value parser (DPC)
\KV@toks@=\toks23
)
(/fs/tex/tex7.2b/texmf/tex/latex/graphics/graphics.sty
Package: graphics 2001/07/07 v1.0n Standard LaTeX Graphics (DPC,SPQR)

(/fs/tex/tex7.2b/texmf/tex/latex/graphics/trig.sty
Package: trig 1999/03/16 v1.09 sin cos tan (DPC)
)
(/fs/tex/tex7.2b/texmf/tex/latex/graphics/graphics.cfg)
Package graphics Info: Driver file: dvips.def on input line 80.

(/fs/tex/tex7.2b/texmf/tex/latex/graphics/dvips.def
File: dvips.def 1999/02/16 v3.0i Driver-dependant file (DPC,SPQR)
))
\Gin@req@height=\dimen114
\Gin@req@width=\dimen115
)
(/fs/tex/tex7.2b/texmf/tex/generic/xypic/xy.sty
(/fs/tex/tex7.2b/texmf/tex/generic/xypic/xy.tex Bootstrap'ing: catcodes,
docmode, (/fs/tex/tex7.2b/texmf/tex/generic/xypic/xyrecat.tex)
(/fs/tex/tex7.2b/texmf/tex/generic/xypic/xyidioms.tex)

 Xy-pic version 3.7 <1999/02/16>
 Copyright (c) 1991-1998 by Kristoffer H. Rose <krisrose@ens-lyon.fr>
 Xy-pic is free software: see the User's Guide for details.

Loading kernel: messages; fonts; allocations: state,
\X@c=\dimen116
\Y@c=\dimen117
\U@c=\dimen118
\D@c=\dimen119
\L@c=\dimen120
\R@c=\dimen121
\Edge@c=\toks24
\X@p=\dimen122
\Y@p=\dimen123
\U@p=\dimen124
\D@p=\dimen125
\L@p=\dimen126
\R@p=\dimen127
\Edge@p=\toks25
\X@origin=\dimen128
\Y@origin=\dimen129
\X@xbase=\dimen130
\Y@xbase=\dimen131
\X@ybase=\dimen132
\Y@ybase=\dimen133
\X@min=\dimen134
\Y@min=\dimen135
\X@max=\dimen136
\Y@max=\dimen137
\lastobjectbox@=\box28
\zerodotbox@=\box29
\almostz@=\dimen138
 direction,
\d@X=\dimen139
\d@Y=\dimen140
\K@=\count102
\KK@=\count103
\Direction=\count104
\K@dXdY=\dimen141
\K@dYdX=\dimen142
\xyread@=\read1
\xywrite@=\write3
\csp@=\count105
\quotPTK@=\dimen143

utility macros; pictures: \xy, positions,
\swaptoks@@=\toks26
\connectobjectbox@@=\box30
 objects,
\styletoks@=\toks27
 decorations;
kernel objects: directionals, circles, text; options; algorithms: directions,
edges, connections;  Xy-pic loaded)
Package: xy 1999/02/16 Xy-pic version 3.7

(/fs/tex/tex7.2b/texmf/tex/generic/xypic/xyall.tex
 Xy-pic option: All features v.3.3
(/fs/tex/tex7.2b/texmf/tex/generic/xypic/xycurve.tex
 Xy-pic option: Curve and Spline extension v.3.7 curve,
\crv@cnt@=\count106
\crvpts@=\toks28
\splinebox@=\box31
\splineval@=\dimen144
\splinedepth@=\dimen145
\splinetol@=\dimen146
\splinelength@=\dimen147
 circles,
\L@=\dimen148
 loaded)
(/fs/tex/tex7.2b/texmf/tex/generic/xypic/xyframe.tex
 Xy-pic option: Frame and Bracket extension v.3.7 loaded)
(/fs/tex/tex7.2b/texmf/tex/generic/xypic/xycmtip.tex
 Xy-pic option: Computer Modern tip extension v.3.3
(/fs/tex/tex7.2b/texmf/tex/generic/xypic/xytips.tex
 Xy-pic option: More Tips extension v.3.3 loaded) loaded)
(/fs/tex/tex7.2b/texmf/tex/generic/xypic/xyline.tex
 Xy-pic option: Line styles extension v.3.6
\xylinethick@=\dimen149
 loaded)
(/fs/tex/tex7.2b/texmf/tex/generic/xypic/xyrotate.tex
 Xy-pic option: Rotate and Scale extension v.3.3 loaded)
(/fs/tex/tex7.2b/texmf/tex/generic/xypic/xycolor.tex
 Xy-pic option: Colour extension v.3.3 loaded)
(/fs/tex/tex7.2b/texmf/tex/generic/xypic/xymatrix.tex
 Xy-pic option: Matrix feature v.3.4
\Row=\count107
\Col=\count108
\queue@=\toks29
\queue@@=\toks30
\qcount@=\count109
\qcount@@=\count110
\matrixsize@=\count111
 loaded)
(/fs/tex/tex7.2b/texmf/tex/generic/xypic/xyarrow.tex
 Xy-pic option: Arrow and Path feature v.3.5 path, \ar, loaded)
(/fs/tex/tex7.2b/texmf/tex/generic/xypic/xygraph.tex
 Xy-pic option: Graph feature v.3.7 loaded) loaded))
(/fs/tex/tex7.2b/texmf/tex/latex/pstricks/pstricks.sty
Package: pstricks 1997/03/25 package wrapper for PSTricks pstricks.tex

(/fs/tex/tex7.2b/texmf/tex/generic/pstricks/pstricks.tex
`PSTricks' v97 patch 10  <1999/03/24> (tvz)
\pst@dima=\dimen150
\pst@dimb=\dimen151
\pst@dimc=\dimen152
\pst@dimd=\dimen153
\pst@dimg=\dimen154
\pst@dimh=\dimen155
\pst@hbox=\box32
\pst@boxg=\box33
\pst@cnta=\count112
\pst@cntb=\count113
\pst@cntc=\count114
\pst@cntd=\count115
\pst@cntg=\count116
\pst@cnth=\count117
\pst@toks=\toks31
(/fs/tex/tex7.2b/texmf/tex/generic/pstricks/pstricks.con)
\psunit=\dimen156
\psxunit=\dimen157
\psyunit=\dimen158
\pslinewidth=\dimen159
\pst@customdefs=\toks32
\pslinearc=\dimen160
\everypsbox=\toks33
\psframesep=\dimen161
\pslabelsep=\dimen162
\theoverlaybox=\box34
))
(/fs/tex/tex7.2b/texmf/tex/latex/pstricks/pst-node.sty
Package: pst-node 1997/03/25 package wrapper for PSTricks pst-node.tex

(/fs/tex/tex7.2b/texmf/tex/generic/pstricks/pst-node.tex
 v97 patch 9, 1999/04/14
\psrow=\count118
\pscol=\count119
\psmatrixcnt=\count120
\psrowsep=\skip48
\pscolsep=\skip49
)) (shadowbox.sty
\shb@xwd=\dimen163
\shb@@ht=\dimen164
\shb@@wd=\dimen165
\sh@llht=\dimen166
\shb@x=\box35
\shadowwidth=\dimen167
) (diagrams.sty
<Paul Taylor's commutative diagrams, version 3.90, 11 April 2004>
##===============================================================##
........PostScript mode (dvips) is now the default...............
(DVI mode has not been supported since 1992 and produces inferior
results which are completely unsuitable for publication. However,
if you really still need it, read the manual for how to get it.)
##===============================================================##
Package: diagrams 2004/04/11 v3.90 Paul Taylor's commutative diagrams
\CD@uA=\count121
\CD@vA=\count122
\CD@wA=\count123
\CD@xA=\count124
\CD@OA=\dimen168
\CD@PA=\dimen169
\CD@RA=\dimen170
\CD@SA=\dimen171
\CD@yA=\count125
\CD@zA=\count126
\CD@QA=\dimen172
\CD@DA=\box36
\CD@LH=\count127
\CD@TC=\count128
\CD@XH=\dimen173
\CD@zC=\dimen174
\CD@@I=\dimen175
\CD@LF=\dimen176
\CD@oI=\dimen177
\CD@DC=\dimen178
\CD@eJ=\dimen179
\PileSpacing=\dimen180
\CD@nA=\dimen181
\CD@YB=\dimen182
\DiagramCellHeight=\dimen183
\DiagramCellWidth=\dimen184
\MapShortFall=\dimen185
\CD@iA=\dimen186
\rh+:>=\box37
\rt+:<=\box38
\dh+:>=\box39
\dt+:<=\box40
\rt+:>=\box41
\rh+:<=\box42
\dt+:>=\box43
\dh+:<=\box44
\CD@VE=\toks34
\CD@SE=\toks35
\CD@VA=\count129
\CD@ME=\toks36
\CD@XE=\toks37
\CD@RE=\toks38
\CD@TE=\toks39
\CD@QE=\toks40
\CD@WE=\toks41
\CD@OE=\toks42
\CD@PE=\toks43
\CD@NE=\toks44
\CD@UE=\toks45
\CD@CA=\count130
\CD@XB=\count131
\CD@NB=\count132
\CD@FA=\count133
\CD@lA=\count134
\CD@MB=\count135
\CD@GB=\count136
\CD@KG=\box45
\CD@IG=\box46
\DiagonalChoice=\count137
\objectheight=\dimen187
\objectwidth=\dimen188
\CD@NA=\toks46
\CD@xI=\toks47
\CD@lH=\toks48
\CD@hD=\toks49
\CD@hH=\toks50
LaTeX Font Info:    Try loading font information for U+msa on input line 1881.

(/fs/tex/tex7.2b/texmf/tex/latex/amsfonts/umsa.fd
File: umsa.fd 1995/01/05 v2.2e AMS font definitions
)
LaTeX Font Info:    Try loading font information for U+msb on input line 1881.

(/fs/tex/tex7.2b/texmf/tex/latex/amsfonts/umsb.fd
File: umsb.fd 1995/01/05 v2.2e AMS font definitions
))
\c@theorem=\count138
 (PRG-RR-04-23.aux)
\openout1 = `PRG-RR-04-23.aux'.

LaTeX Font Info:    Checking defaults for OML/cmm/m/it on input line 140.
LaTeX Font Info:    ... okay on input line 140.
LaTeX Font Info:    Checking defaults for T1/cmr/m/n on input line 140.
LaTeX Font Info:    ... okay on input line 140.
LaTeX Font Info:    Checking defaults for OT1/cmr/m/n on input line 140.
LaTeX Font Info:    ... okay on input line 140.
LaTeX Font Info:    Checking defaults for OMS/cmsy/m/n on input line 140.
LaTeX Font Info:    ... okay on input line 140.
LaTeX Font Info:    Checking defaults for OMX/cmex/m/n on input line 140.
LaTeX Font Info:    ... okay on input line 140.
LaTeX Font Info:    Checking defaults for U/cmr/m/n on input line 140.
LaTeX Font Info:    ... okay on input line 140.
 [1

]
(PRG-RR-04-23.toc)
\tf@toc=\write4
\openout4 = `PRG-RR-04-23.toc'.

 (intro.tex [1]) (definitions.tex [2]

Package amsmath Warning: Foreign command \over; \frac or \genfrac should be use
d instead on input line 87.

[3]
LaTeX Font Info:    Try loading font information for OMS+cmr on input line 168.

 (/fs/tex/latex20010601/tex/omscmr.fd
File: omscmr.fd 1999/05/25 v2.5h Standard LaTeX font definitions
)
LaTeX Font Info:    Font shape `OMS/cmr/m/n' in size <10.95> not available
(Font)              Font shape `OMS/cmsy/m/n' tried instead on input line 168.
 [4] [5] [6] [7] [8] [9] [10] [11]
[12]) (relating.tex
Underfull \hbox (badness 10000) in paragraph at lines 23--30

 []

[13] [14] [15] [16]) (theorem.tex) (correctness1.tex
Overfull \hbox (4.54407pt too wide) in paragraph at lines 28--42
 [] 
 []

[17] [18] [19]
Underfull \hbox (badness 10000) in paragraph at lines 206--211

 []


Underfull \hbox (badness 10000) in paragraph at lines 225--235

 []

[20]
Underfull \hbox (badness 10000) in paragraph at lines 268--271

 []


Overfull \hbox (3.12692pt too wide) in paragraph at lines 314--314
[] 
 []


Overfull \hbox (3.12692pt too wide) in alignment at lines 314--314
 [] 
 []


Overfull \hbox (18.77045pt too wide) in paragraph at lines 297--315
 [] 
 []


Overfull \hbox (3.89288pt too wide) in paragraph at lines 348--350
[]\OT1/cmr/m/it/10.95 The lan-guage gen-er-ated by a (pos-si-bly un-safe) $\OT1
/cmr/m/n/10.95 2$\OT1/cmr/m/it/10.95 -grammar is ac-cepted by $\OT1/cmr/m/n/10.
95 2\OML/cmm/m/it/10.95 PDAL[]$\OT1/cmr/m/it/10.95 . 
 []

[21] [22] [23]) (simulation.tex [24] [25] [26]
Overfull \hbox (18.77045pt too wide) in paragraph at lines 309--341
 [] 
 []

[27] [28] [29] [30] [31]) (stts.tex [32]
Overfull \hbox (14.74649pt too wide) in paragraph at lines 31--36
[]\OT1/cmr/m/n/10.95 A (term-tree gen-er-at-ing) \OT1/cmr/bx/it/10.95 higher-or
der gram-mar \OT1/cmr/m/n/10.95 is a 5-tuple $\OML/cmm/m/it/10.95 G \OT1/cmr/m/
n/10.95 = \OMS/cmsy/m/n/10.95 h [] i$
 []

[33]
Underfull \hbox (badness 10000) in paragraph at lines 131--134

 []


Underfull \hbox (badness 10000) in paragraph at lines 162--166

 []

[34] [35]
Underfull \hbox (badness 10000) in paragraph at lines 329--332

 []

[36] [37] Commutative Diagram Warning: option ` width' undefined at line 484
Commutative Diagram Warning: labels as positional arguments are obsolete at lin
e 486
Commutative Diagram Warning: labels as positional arguments are obsolete at lin
e 486
Commutative Diagram Warning: labels as positional arguments are obsolete at lin
e 488
Commutative Diagram Warning: labels as positional arguments are obsolete at lin
e 488
Commutative Diagram Warning: labels as positional arguments are obsolete at lin
e 488
Commutative Diagram Warning: labels as positional arguments are obsolete at lin
e 488
Commutative Diagram Warning: labels as positional arguments are obsolete at lin
e 488
Commutative Diagram Warning: labels as positional arguments are obsolete at lin
e 488
Commutative Diagram Warning: labels as positional arguments are obsolete at lin
e 490
Commutative Diagram Warning: labels as positional arguments are obsolete at lin
e 490
Commutative Diagram Warning: labels as positional arguments are obsolete at lin
e 490
Commutative Diagram Warning: labels as positional arguments are obsolete at lin
e 490
Commutative Diagram Warning: labels as positional arguments are obsolete at lin
e 490
Commutative Diagram Warning: labels as positional arguments are obsolete at lin
e 490
Commutative Diagram Warning: labels as positional arguments are obsolete at lin
e 492
Commutative Diagram Warning: labels as positional arguments are obsolete at lin
e 492
Commutative Diagram Warning: labels as positional arguments are obsolete at lin
e 492
Commutative Diagram Warning: labels as positional arguments are obsolete at lin
e 492
Commutative Diagram Warning: labels as positional arguments are obsolete at lin
e 492
Commutative Diagram Warning: labels as positional arguments are obsolete at lin
e 492
Commutative Diagram Warning: labels as positional arguments are obsolete at lin
e 494
Commutative Diagram Warning: labels as positional arguments are obsolete at lin
e 494
Commutative Diagram Warning: labels as positional arguments are obsolete at lin
e 494
Commutative Diagram Warning: labels as positional arguments are obsolete at lin
e 494
Commutative Diagram Warning: labels as positional arguments are obsolete at lin
e 494
Commutative Diagram Warning: labels as positional arguments are obsolete at lin
e 494
Commutative Diagram Warning: labels as positional arguments are obsolete at lin
e 496
Commutative Diagram Warning: labels as positional arguments are obsolete at lin
e 496

LaTeX Warning: `h' float specifier changed to `ht'.

[38] [39]
Underfull \hbox (badness 10000) in paragraph at lines 642--651

 []


Underfull \hbox (badness 10000) in paragraph at lines 669--673

 []

[40]) (level3.tex) (PRG-RR-04-23.bbl [41]) [42] (PRG-RR-04-23.aux) ) 
Here is how much of TeX's memory you used:
 7210 strings out of 10964
 72528 string characters out of 198494
 189007 words of memory out of 263001
 9983 multiletter control sequences out of 10000+0
 32866 words of font info for 130 fonts, out of 200000 for 1000
 14 hyphenation exceptions out of 1000
 115i,26n,24p,397b,515s stack positions out of 300i,100n,500p,30000b,4000s

Output written on PRG-RR-04-23.dvi (43 pages, 206660 bytes).
