This is e-TeX, Version 3.141592-2.2 (MiKTeX 2.4) (preloaded format=latex 2005.5.16)  2 JUN 2005 18:15
entering extended mode
**safelambda.tex
(safelambda.tex
LaTeX2e <2003/12/01>
Babel <v3.8a> and hyphenation patterns for english, french, german, ngerman, du
mylang, nohyphenation, loaded.
(d:\texmf\tex\latex\base\article.cls
Document Class: article 2004/02/16 v1.4f Standard LaTeX document class
(d:\texmf\tex\latex\base\size10.clo
File: size10.clo 2004/02/16 v1.4f Standard LaTeX file (size option)
)
\c@part=\count79
\c@section=\count80
\c@subsection=\count81
\c@subsubsection=\count82
\c@paragraph=\count83
\c@subparagraph=\count84
\c@figure=\count85
\c@table=\count86
\abovecaptionskip=\skip41
\belowcaptionskip=\skip42
\bibindent=\dimen102
) (preambule.tex
(d:\texmf\tex\latex\ltxmisc\a4wide.sty
Package: a4wide 1994/08/30
 (d:\texmf\tex\latex\ntgclass\a4.sty
Package: a4 2004/04/15 v1.2g A4 based page layout
))
(d:\texmf\tex\latex\tools\rawfonts.sty
Package: rawfonts 1994/05/08 Low-level LaTeX 2.09 font compatibility
 (d:\texmf\tex\latex\tools\somedefs.sty
Package: somedefs 1994/06/01 v0.03 Toolkit for optional definitions
)
LaTeX Font Info:    Try loading font information for U+lasy on input line 44.

(d:\texmf\tex\latex\base\ulasy.fd
File: ulasy.fd 1998/08/17 v2.2e LaTeX symbol font definitions
)) (d:\texmf\tex\latex\amsmath\amsmath.sty
Package: amsmath 2000/07/18 v2.13 AMS math features
\@mathmargin=\skip43

For additional information on amsmath, use the `?' option.
(d:\texmf\tex\latex\amsmath\amstext.sty
Package: amstext 2000/06/29 v2.01
 (d:\texmf\tex\latex\amsmath\amsgen.sty
File: amsgen.sty 1999/11/30 v2.0
\@emptytoks=\toks14
\ex@=\dimen103
)) (d:\texmf\tex\latex\amsmath\amsbsy.sty
Package: amsbsy 1999/11/29 v1.2d
\pmbraise@=\dimen104
)
(d:\texmf\tex\latex\amsmath\amsopn.sty
Package: amsopn 1999/12/14 v2.01 operator names
)
\inf@bad=\count87
LaTeX Info: Redefining \frac on input line 211.
\uproot@=\count88
\leftroot@=\count89
LaTeX Info: Redefining \overline on input line 307.
\classnum@=\count90
\DOTSCASE@=\count91
LaTeX Info: Redefining \ldots on input line 379.
LaTeX Info: Redefining \dots on input line 382.
LaTeX Info: Redefining \cdots on input line 467.
\Mathstrutbox@=\box26
\strutbox@=\box27
\big@size=\dimen105
LaTeX Font Info:    Redeclaring font encoding OML on input line 567.
LaTeX Font Info:    Redeclaring font encoding OMS on input line 568.
\macc@depth=\count92
\c@MaxMatrixCols=\count93
\dotsspace@=\muskip10
\c@parentequation=\count94
\dspbrk@lvl=\count95
\tag@help=\toks15
\row@=\count96
\column@=\count97
\maxfields@=\count98
\andhelp@=\toks16
\eqnshift@=\dimen106
\alignsep@=\dimen107
\tagshift@=\dimen108
\tagwidth@=\dimen109
\totwidth@=\dimen110
\lineht@=\dimen111
\@envbody=\toks17
\multlinegap=\skip44
\multlinetaggap=\skip45
\mathdisplay@stack=\toks18
LaTeX Info: Redefining \[ on input line 2666.
LaTeX Info: Redefining \] on input line 2667.
) (d:\texmf\tex\latex\amscls\amsthm.sty
Package: amsthm 2004/08/06 v2.20
\thm@style=\toks19
\thm@bodyfont=\toks20
\thm@headfont=\toks21
\thm@notefont=\toks22
\thm@headpunct=\toks23
\thm@preskip=\skip46
\thm@postskip=\skip47
\thm@headsep=\skip48
\dth@everypar=\toks24
) (d:\texmf\tex\latex\amsfonts\amssymb.sty
Package: amssymb 2002/01/22 v2.2d

(d:\texmf\tex\latex\amsfonts\amsfonts.sty
Package: amsfonts 2001/10/25 v2.2f
\symAMSa=\mathgroup4
\symAMSb=\mathgroup5
LaTeX Font Info:    Overwriting math alphabet `\mathfrak' in version `bold'
(Font)                  U/euf/m/n --> U/euf/b/n on input line 132.
))
(d:\texmf\tex\latex\graphics\graphicx.sty
Package: graphicx 1999/02/16 v1.0f Enhanced LaTeX Graphics (DPC,SPQR)

(d:\texmf\tex\latex\graphics\keyval.sty
Package: keyval 1999/03/16 v1.13 key=value parser (DPC)
\KV@toks@=\toks25
)
(d:\texmf\tex\latex\graphics\graphics.sty
Package: graphics 2001/07/07 v1.0n Standard LaTeX Graphics (DPC,SPQR)
 (d:\texmf\tex\latex\graphics\trig.sty
Package: trig 1999/03/16 v1.09 sin cos tan (DPC)
) (d:\texmf\tex\latex\00miktex\graphics.cfg
File: graphics.cfg 2003/03/12 v1.1 MiKTeX 'graphics' configuration
)
Package graphics Info: Driver file: dvips.def on input line 80.

(d:\texmf\tex\latex\graphics\dvips.def
File: dvips.def 1999/02/16 v3.0i Driver-dependant file (DPC,SPQR)
))
\Gin@req@height=\dimen112
\Gin@req@width=\dimen113
) (d:\texmf\tex\generic\xypic\xy.sty
(d:\texmf\tex\generic\xypic\xy.tex Bootstrap'ing: catcodes, docmode,
(d:\texmf\tex\generic\xypic\xyrecat.tex)
(d:\texmf\tex\generic\xypic\xyidioms.tex)

 Xy-pic version 3.7 <1999/02/16>
 Copyright (c) 1991-1998 by Kristoffer H. Rose <krisrose@ens-lyon.fr>
 Xy-pic is free software: see the User's Guide for details.

Loading kernel: messages; fonts; allocations: state,
\X@c=\dimen114
\Y@c=\dimen115
\U@c=\dimen116
\D@c=\dimen117
\L@c=\dimen118
\R@c=\dimen119
\Edge@c=\toks26
\X@p=\dimen120
\Y@p=\dimen121
\U@p=\dimen122
\D@p=\dimen123
\L@p=\dimen124
\R@p=\dimen125
\Edge@p=\toks27
\X@origin=\dimen126
\Y@origin=\dimen127
\X@xbase=\dimen128
\Y@xbase=\dimen129
\X@ybase=\dimen130
\Y@ybase=\dimen131
\X@min=\dimen132
\Y@min=\dimen133
\X@max=\dimen134
\Y@max=\dimen135
\lastobjectbox@=\box28
\zerodotbox@=\box29
\almostz@=\dimen136
 direction,
\d@X=\dimen137
\d@Y=\dimen138
\K@=\count99
\KK@=\count100
\Direction=\count101
\K@dXdY=\dimen139
\K@dYdX=\dimen140
\xyread@=\read1
\xywrite@=\write3
\csp@=\count102
\quotPTK@=\dimen141

utility macros; pictures: \xy, positions,
\swaptoks@@=\toks28
\connectobjectbox@@=\box30
 objects,
\styletoks@=\toks29
 decorations;
kernel objects: directionals, circles, text; options; algorithms: directions,
edges, connections;  Xy-pic loaded)
Package: xy 1999/02/16 Xy-pic version 3.7
 (d:\texmf\tex\generic\xypic\xyall.tex
 Xy-pic option: All features v.3.3 (d:\texmf\tex\generic\xypic\xycurve.tex
 Xy-pic option: Curve and Spline extension v.3.7 curve,
\crv@cnt@=\count103
\crvpts@=\toks30
\splinebox@=\box31
\splineval@=\dimen142
\splinedepth@=\dimen143
\splinetol@=\dimen144
\splinelength@=\dimen145
 circles,
\L@=\dimen146
 loaded)
(d:\texmf\tex\generic\xypic\xyframe.tex
 Xy-pic option: Frame and Bracket extension v.3.7 loaded)
(d:\texmf\tex\generic\xypic\xycmtip.tex
 Xy-pic option: Computer Modern tip extension v.3.3
(d:\texmf\tex\generic\xypic\xytips.tex
 Xy-pic option: More Tips extension v.3.3 loaded) loaded)
(d:\texmf\tex\generic\xypic\xyline.tex
 Xy-pic option: Line styles extension v.3.6
\xylinethick@=\dimen147
 loaded)
(d:\texmf\tex\generic\xypic\xyrotate.tex
 Xy-pic option: Rotate and Scale extension v.3.3 loaded)
(d:\texmf\tex\generic\xypic\xycolor.tex  Xy-pic option: Colour extension v.3.3
loaded) (d:\texmf\tex\generic\xypic\xymatrix.tex
 Xy-pic option: Matrix feature v.3.4
\Row=\count104
\Col=\count105
\queue@=\toks31
\queue@@=\toks32
\qcount@=\count106
\qcount@@=\count107
\matrixsize@=\count108
 loaded)
(d:\texmf\tex\generic\xypic\xyarrow.tex
 Xy-pic option: Arrow and Path feature v.3.5 path, \ar, loaded)
(d:\texmf\tex\generic\xypic\xygraph.tex  Xy-pic option: Graph feature v.3.7
loaded) loaded)) (d:\texmf\tex\latex\pstricks\pstricks.sty
Package: pstricks 2004/05/12 v0.2l LaTeX wrapper for `PSTricks' (RN,HV)

(d:\texmf\tex\generic\pstricks\pstricks.tex
`PSTricks' v1.04  <2004/06/22> (tvz)
\pst@dima=\dimen148
\pst@dimb=\dimen149
\pst@dimc=\dimen150
\pst@dimd=\dimen151
\pst@dimg=\dimen152
\pst@dimh=\dimen153
\pst@hbox=\box32
\pst@boxg=\box33
\pst@cnta=\count109
\pst@cntb=\count110
\pst@cntc=\count111
\pst@cntd=\count112
\pst@cntg=\count113
\pst@cnth=\count114
\pst@toks=\toks33
(d:\texmf\tex\generic\pstricks\pstricks.con)
\psunit=\dimen154
\psxunit=\dimen155
\psyunit=\dimen156
\pslinewidth=\dimen157
\pst@customdefs=\toks34
\pslinearc=\dimen158
\everypsbox=\toks35
\psframesep=\dimen159
\pslabelsep=\dimen160
\theoverlaybox=\box34
)
File: pstricks.tex 2004/06/22 v1.04 `PSTricks' (tvz)

(d:\texmf\tex\latex\xcolor\xcolor.sty
Package: xcolor 2005/03/24 v2.02 LaTeX color extensions (UK)
 (d:\texmf\tex\latex\00miktex\color.cfg
File: color.cfg 2003/03/08 v1.0 MiKTeX 'color' configuration
)
Package xcolor Info: Package option `override' ignored on input line 149.
Package xcolor Info: Driver file: dvips.def on input line 158.
\rownum=\count115
Package xcolor Info: Color model `cmy' added on input line 1110.
Package xcolor Info: Color model `RGB' extended on input line 1133.
Package xcolor Info: Color model `HTML' added on input line 1144.
Package xcolor Info: Color model `HSB' added on input line 1150.
Package xcolor Info: Color model `Gray' added on input line 1156.
)) (d:\texmf\tex\latex\pstricks\pst-node.sty
Package: pst-node 2004/07/15 package wrapper for pst-node.tex

(d:\texmf\tex\generic\pstricks\pst-node.tex  v97 patch 11, 2000/11/09
\psrow=\count116
\pscol=\count117
\psmatrixcnt=\count118
\psrowsep=\skip49
\pscolsep=\skip50
)
File: pst-node.tex 2000/11/09 97 patch 11 `pst-node' (tvz)
)
(shadowbox.sty
\shb@xwd=\dimen161
\shb@@ht=\dimen162
\shb@@wd=\dimen163
\sh@llht=\dimen164
\shb@x=\box35
\shadowwidth=\dimen165
) (diagrams.sty
<Paul Taylor's commutative diagrams, version 3.90, 11 April 2004>
##===============================================================##
........PostScript mode (dvips) is now the default...............
(DVI mode has not been supported since 1992 and produces inferior
results which are completely unsuitable for publication. However,
if you really still need it, read the manual for how to get it.)
##===============================================================##
Package: diagrams 2004/04/11 v3.90 Paul Taylor's commutative diagrams
\CD@uA=\count119
\CD@vA=\count120
\CD@wA=\count121
\CD@xA=\count122
\CD@OA=\dimen166
\CD@PA=\dimen167
\CD@RA=\dimen168
\CD@SA=\dimen169
\CD@yA=\count123
\CD@zA=\count124
\CD@QA=\dimen170
\CD@DA=\box36
\CD@LH=\count125
\CD@TC=\count126
\CD@XH=\dimen171
\CD@zC=\dimen172
\CD@@I=\dimen173
\CD@LF=\dimen174
\CD@oI=\dimen175
\CD@DC=\dimen176
\CD@eJ=\dimen177
\PileSpacing=\dimen178
\CD@nA=\dimen179
\CD@YB=\dimen180
\DiagramCellHeight=\dimen181
\DiagramCellWidth=\dimen182
\MapShortFall=\dimen183
\CD@iA=\dimen184
\rh+:>=\box37
\rt+:<=\box38
\dh+:>=\box39
\dt+:<=\box40
\rt+:>=\box41
\rh+:<=\box42
\dt+:>=\box43
\dh+:<=\box44
\CD@VE=\toks36
\CD@SE=\toks37
\CD@VA=\count127
\CD@ME=\toks38
\CD@XE=\toks39
\CD@RE=\toks40
\CD@TE=\toks41
\CD@QE=\toks42
\CD@WE=\toks43
\CD@OE=\toks44
\CD@PE=\toks45
\CD@NE=\toks46
\CD@UE=\toks47
\CD@CA=\count128
\CD@XB=\count129
\CD@NB=\count130
\CD@FA=\count131
\CD@lA=\count132
\CD@MB=\count133
\CD@GB=\count134
\CD@KG=\box45
\CD@IG=\box46
\DiagonalChoice=\count135
\objectheight=\dimen185
\objectwidth=\dimen186
\CD@NA=\toks48
\CD@xI=\toks49
\CD@lH=\toks50
\CD@hD=\toks51
\CD@hH=\toks52
LaTeX Font Info:    Try loading font information for U+msa on input line 1881.

(d:\texmf\tex\latex\amsfonts\umsa.fd
File: umsa.fd 2002/01/19 v2.2g AMS font definitions
)
LaTeX Font Info:    Try loading font information for U+msb on input line 1881.
 (d:\texmf\tex\latex\amsfonts\umsb.fd
File: umsb.fd 2002/01/19 v2.2g AMS font definitions
))
\c@theorem=\count136
)
(safelambda.aux)
LaTeX Font Info:    Checking defaults for OML/cmm/m/it on input line 16.
LaTeX Font Info:    ... okay on input line 16.
LaTeX Font Info:    Checking defaults for T1/cmr/m/n on input line 16.
LaTeX Font Info:    ... okay on input line 16.
LaTeX Font Info:    Checking defaults for OT1/cmr/m/n on input line 16.
LaTeX Font Info:    ... okay on input line 16.
LaTeX Font Info:    Checking defaults for OMS/cmsy/m/n on input line 16.
LaTeX Font Info:    ... okay on input line 16.
LaTeX Font Info:    Checking defaults for OMX/cmex/m/n on input line 16.
LaTeX Font Info:    ... okay on input line 16.
LaTeX Font Info:    Checking defaults for U/cmr/m/n on input line 16.
LaTeX Font Info:    ... okay on input line 16.
LaTeX Font Info:    Try loading font information for OMS+cmr on input line 32.
 (d:\texmf\tex\latex\base\omscmr.fd
File: omscmr.fd 1999/05/25 v2.5h Standard LaTeX font definitions
)
LaTeX Font Info:    Font shape `OMS/cmr/m/n' in size <10> not available
(Font)              Font shape `OMS/cmsy/m/n' tried instead on input line 32.

Overfull \hbox (18.58159pt too wide) in paragraph at lines 34--36
[][]$[] \OT1/cmr/m/n/10 : \OML/cmm/m/it/10 Types [][]\OMS/cmsy/m/n/10 ! \OT1/cm
r/m/n/10 (\U/msb/m/n/10 N\OML/cmm/m/it/10 ; \OMS/cmsy/m/n/10 \OT1/cmr/m/n/10 )
$ with $[](\OML/cmm/m/it/10 o\OT1/cmr/m/n/10 ) = 0$ and $[](\OML/cmm/m/it/10 A 
\OMS/cmsy/m/n/10 ! \OML/cmm/m/it/10 B\OT1/cmr/m/n/10 ) = 1 + []([](\OML/cmm/m/i
t/10 A\OT1/cmr/m/n/10 )\OML/cmm/m/it/10 ; []\OT1/cmr/m/n/10 (\OML/cmm/m/it/10 B
\OT1/cmr/m/n/10 ))$. 
 []


Package amsmath Warning: Foreign command \over;
(amsmath)                \frac or \genfrac should be used instead
(amsmath)                 on input line 91.

[1

] (safelambda.bbl [2]) [3] (safelambda.aux) ) 
Here is how much of TeX's memory you used:
 7701 strings out of 95898
 76761 string characters out of 1195288
 195309 words of memory out of 1191918
 10493 multiletter control sequences out of 60000
 28726 words of font info for 114 fonts, out of 500000 for 1000
 14 hyphenation exceptions out of 607
 33i,9n,39p,417b,213s stack positions out of 1500i,500n,5000p,200000b,32768s

Output written on safelambda.dvi (3 pages, 13860 bytes).
