This is pdfeTeX, Version 3.141592-1.21a-2.2 (MiKTeX 2.4) (preloaded format=latex 2005.4.1)  14 APR 2005 13:20
entering extended mode
**kebleka.tex
(kebleka.tex
LaTeX2e <2003/12/01>
Babel <v3.8a> and hyphenation patterns for english, french, german, ngerman, du
mylang, nohyphenation, loaded.
(d:\texmf\tex\latex\base\letter.cls
Document Class: letter 1999/04/29 v1.2z Standard LaTeX document class
(d:\texmf\tex\latex\base\size10.clo
File: size10.clo 2004/02/16 v1.4f Standard LaTeX file (size option)
)
\longindentation=\dimen102
\indentedwidth=\dimen103
\labelcount=\count79
) (d:\texmf\tex\latex\ltxmisc\url.sty
\Urlmuskip=\muskip10
Package: url 2004/03/15  ver 3.1  Verb mode for urls, etc.
)
(kebleka.aux)
LaTeX Font Info:    Checking defaults for OML/cmm/m/it on input line 5.
LaTeX Font Info:    ... okay on input line 5.
LaTeX Font Info:    Checking defaults for T1/cmr/m/n on input line 5.
LaTeX Font Info:    ... okay on input line 5.
LaTeX Font Info:    Checking defaults for OT1/cmr/m/n on input line 5.
LaTeX Font Info:    ... okay on input line 5.
LaTeX Font Info:    Checking defaults for OMS/cmsy/m/n on input line 5.
LaTeX Font Info:    ... okay on input line 5.
LaTeX Font Info:    Checking defaults for OMX/cmex/m/n on input line 5.
LaTeX Font Info:    ... okay on input line 5.
LaTeX Font Info:    Checking defaults for U/cmr/m/n on input line 5.
LaTeX Font Info:    ... okay on input line 5.
LaTeX Font Info:    External font `cmex10' loaded for size
(Font)              <7> on input line 10.
LaTeX Font Info:    External font `cmex10' loaded for size
(Font)              <5> on input line 10.
LaTeX Font Info:    Try loading font information for OMS+cmr on input line 27.
 (d:\texmf\tex\latex\base\omscmr.fd
File: omscmr.fd 1999/05/25 v2.5h Standard LaTeX font definitions
)
LaTeX Font Info:    Font shape `OMS/cmr/m/n' in size <10> not available
(Font)              Font shape `OMS/cmsy/m/n' tried instead on input line 27.
 [1

{psfonts.map}] (kebleka.aux) ) 
Here is how much of TeX's memory you used:
 252 strings out of 95512
 2402 string characters out of 1189449
 47171 words of memory out of 1049411
 3411 multiletter control sequences out of 60000
 4161 words of font info for 16 fonts, out of 500000 for 1000
 14 hyphenation exceptions out of 607
 23i,6n,19p,304b,242s stack positions out of 1500i,500n,5000p,200000b,32768s
PDF statistics:
 19 PDF objects out of 300000
 0 named destinations out of 300000
 1 words of extra memory for PDF output out of 65536
<d:\texmf\fonts\type1\bluesky\cm\cmsy7.pfb><d:\te
xmf\fonts\type1\bluesky\cm\cmsy10.pfb><d:\texmf\fonts\type1\bluesky\cm\cmtt10.p
fb><d:\texmf\fonts\type1\bluesky\cm\cmsl10.pfb><d:\texmf\fonts\type1\bluesky\cm
\cmr10.pfb>
Output written on kebleka.pdf (1 page, 32219 bytes).
