This is pdfeTeX, Version 3.141592-1.21a-2.2 (MiKTeX 2.4) (preloaded format=latex 2005.4.1)  14 APR 2005 01:35
entering extended mode
**kebleka_appendix.tex
(kebleka_appendix.tex
LaTeX2e <2003/12/01>
Babel <v3.8a> and hyphenation patterns for english, french, german, ngerman, du
mylang, nohyphenation, loaded.
(d:\texmf\tex\latex\base\article.cls
Document Class: article 2004/02/16 v1.4f Standard LaTeX document class
(d:\texmf\tex\latex\base\size10.clo
File: size10.clo 2004/02/16 v1.4f Standard LaTeX file (size option)
)
\c@part=\count79
\c@section=\count80
\c@subsection=\count81
\c@subsubsection=\count82
\c@paragraph=\count83
\c@subparagraph=\count84
\c@figure=\count85
\c@table=\count86
\abovecaptionskip=\skip41
\belowcaptionskip=\skip42
\bibindent=\dimen102
) (d:\texmf\tex\latex\ltxmisc\url.sty
\Urlmuskip=\muskip10
Package: url 2004/03/15  ver 3.1  Verb mode for urls, etc.
)
(kebleka_appendix.aux)
LaTeX Font Info:    Checking defaults for OML/cmm/m/it on input line 5.
LaTeX Font Info:    ... okay on input line 5.
LaTeX Font Info:    Checking defaults for T1/cmr/m/n on input line 5.
LaTeX Font Info:    ... okay on input line 5.
LaTeX Font Info:    Checking defaults for OT1/cmr/m/n on input line 5.
LaTeX Font Info:    ... okay on input line 5.
LaTeX Font Info:    Checking defaults for OMS/cmsy/m/n on input line 5.
LaTeX Font Info:    ... okay on input line 5.
LaTeX Font Info:    Checking defaults for OMX/cmex/m/n on input line 5.
LaTeX Font Info:    ... okay on input line 5.
LaTeX Font Info:    Checking defaults for U/cmr/m/n on input line 5.
LaTeX Font Info:    ... okay on input line 5.
LaTeX Font Info:    External font `cmex10' loaded for size
(Font)              <7> on input line 10.
LaTeX Font Info:    External font `cmex10' loaded for size
(Font)              <5> on input line 10.

Underfull \hbox (badness 10000) in paragraph at lines 9--12

 []


Underfull \hbox (badness 10000) in paragraph at lines 25--33

 []


Underfull \hbox (badness 10000) in paragraph at lines 56--64

 []

[1

{psfonts.map}]
Underfull \hbox (badness 10000) in paragraph at lines 70--73

 []

LaTeX Font Info:    Try loading font information for OMS+cmr on input line 96.
(d:\texmf\tex\latex\base\omscmr.fd
File: omscmr.fd 1999/05/25 v2.5h Standard LaTeX font definitions
)
LaTeX Font Info:    Font shape `OMS/cmr/m/n' in size <10> not available
(Font)              Font shape `OMS/cmsy/m/n' tried instead on input line 96.
 [2] (kebleka_appendix.bbl) [3]
(kebleka_appendix.aux) ) 
Here is how much of TeX's memory you used:
 335 strings out of 95512
 3483 string characters out of 1189449
 48803 words of memory out of 1050531
 3485 multiletter control sequences out of 60000
 5074 words of font info for 19 fonts, out of 500000 for 1000
 14 hyphenation exceptions out of 607
 23i,4n,19p,309b,253s stack positions out of 1500i,500n,5000p,200000b,32768s
PDF statistics:
 31 PDF objects out of 300000
 0 named destinations out of 300000
 1 words of extra memory for PDF output out of 65536
<d:\texmf\fonts\type1\bluesky\cm\cmsy10.pfb><d:\texmf\f
onts\type1\bluesky\cm\cmtt10.pfb><d:\texmf\fonts\type1\bluesky\cm\cmr10.pfb><d:
\texmf\fonts\type1\bluesky\cm\cmmi10.pfb><d:\texmf\fonts\type1\bluesky\cm\cmsl1
0.pfb><d:\texmf\fonts\type1\bluesky\cm\cmbx10.pfb><d:\texmf\fonts\type1\bluesky
\cm\cmbx12.pfb>
Output written on kebleka_appendix.pdf (3 pages, 52992 bytes).
