This is pdfeTeX, Version 3.141592-1.21a-2.2 (MiKTeX 2.4) (preloaded format=latex 2005.11.3)  4 NOV 2005 15:38
entering extended mode
**generalinfo.tex
(generalinfo.tex
LaTeX2e <2003/12/01>
Babel <v3.8g> and hyphenation patterns for english, dumylang, nohyphenation, ge
rman, ngerman, french, loaded.
(D:\texmf\tex\latex\base\article.cls
Document Class: article 2004/02/16 v1.4f Standard LaTeX document class
(D:\texmf\tex\latex\base\size10.clo
File: size10.clo 2004/02/16 v1.4f Standard LaTeX file (size option)
)
\c@part=\count79
\c@section=\count80
\c@subsection=\count81
\c@subsubsection=\count82
\c@paragraph=\count83
\c@subparagraph=\count84
\c@figure=\count85
\c@table=\count86
\abovecaptionskip=\skip41
\belowcaptionskip=\skip42
\bibindent=\dimen102
)

! LaTeX Error: File `cramp2e.sty' not found.

Type X to quit or <RETURN> to proceed,
or enter new name. (Default extension: sty)

Enter file name: 
(D:\texmf\tex\latex\ltxmisc\url.sty
\Urlmuskip=\muskip10
Package: url 2005/06/27  ver 3.2  Verb mode for urls, etc.
) (D:\texmf\tex\latex\psnfss\times.sty
Package: times 2005/04/12 PSNFSS-v9.2a (SPQR) 
)
(D:\texmf\tex\latex\graphics\graphicx.sty
Package: graphicx 1999/02/16 v1.0f Enhanced LaTeX Graphics (DPC,SPQR)

(D:\texmf\tex\latex\graphics\keyval.sty
Package: keyval 1999/03/16 v1.13 key=value parser (DPC)
\KV@toks@=\toks14
)
(D:\texmf\tex\latex\graphics\graphics.sty
Package: graphics 2001/07/07 v1.0n Standard LaTeX Graphics (DPC,SPQR)
 (D:\texmf\tex\latex\graphics\trig.sty
Package: trig 1999/03/16 v1.09 sin cos tan (DPC)
) (D:\texmf\tex\latex\00miktex\graphics.cfg
File: graphics.cfg 2003/03/12 v1.1 MiKTeX 'graphics' configuration
)
Package graphics Info: Driver file: pdftex.def on input line 80.

(D:\texmf\tex\latex\graphics\pdftex.def
File: pdftex.def 2005/06/20 v0.03m graphics/color for pdftex
\Gread@gobject=\count87
))
\Gin@req@height=\dimen103
\Gin@req@width=\dimen104
)

! LaTeX Error: File `shadowbox.sty' not found.

Type X to quit or <RETURN> to proceed,
or enter new name. (Default extension: sty)

Enter file name: 
! Undefined control sequence.
l.9 \shadowwidth
                 = 2pt % making the shadow smaller (default = 4pt)
? 

! LaTeX Error: Missing \begin{document}.

See the LaTeX manual or LaTeX Companion for explanation.
Type  H <return>  for immediate help.
 ...                                              
                                                  
l.9 \shadowwidth =
                   2pt % making the shadow smaller (default = 4pt)
? 
(D:\texmf\tex\latex\fancyhdr\fancyhdr.sty
\fancy@headwidth=\skip43
\f@ncyO@elh=\skip44
\f@ncyO@erh=\skip45
\f@ncyO@olh=\skip46
\f@ncyO@orh=\skip47
\f@ncyO@elf=\skip48
\f@ncyO@erf=\skip49
\f@ncyO@olf=\skip50
\f@ncyO@orf=\skip51
) (generalinfo.aux)
LaTeX Font Info:    Checking defaults for OML/cmm/m/it on input line 122.
LaTeX Font Info:    ... okay on input line 122.
LaTeX Font Info:    Checking defaults for T1/cmr/m/n on input line 122.
LaTeX Font Info:    ... okay on input line 122.
LaTeX Font Info:    Checking defaults for OT1/cmr/m/n on input line 122.
LaTeX Font Info:    ... okay on input line 122.
LaTeX Font Info:    Checking defaults for OMS/cmsy/m/n on input line 122.
LaTeX Font Info:    ... okay on input line 122.
LaTeX Font Info:    Checking defaults for OMX/cmex/m/n on input line 122.
LaTeX Font Info:    ... okay on input line 122.
LaTeX Font Info:    Checking defaults for U/cmr/m/n on input line 122.
LaTeX Font Info:    ... okay on input line 122.
LaTeX Font Info:    Try loading font information for OT1+ptm on input line 122.


(D:\texmf\tex\latex\psnfss\ot1ptm.fd
File: ot1ptm.fd 2001/06/04 font definitions for OT1/ptm.
) (D:\texmf\tex\context\base\supp-pdf.tex
(D:\texmf\tex\context\base\supp-mis.tex
loading : Context Support Macros / Miscellaneous (2004.10.26)
\protectiondepth=\count88
\scratchcounter=\count89
\scratchtoks=\toks15
\scratchdimen=\dimen105
\scratchskip=\skip52
\scratchmuskip=\muskip11
\scratchbox=\box26
\scratchread=\read1
\scratchwrite=\write3
\zeropoint=\dimen106
\onepoint=\dimen107
\onebasepoint=\dimen108
\minusone=\count90
\thousandpoint=\dimen109
\onerealpoint=\dimen110
\emptytoks=\toks16
\nextbox=\box27
\nextdepth=\dimen111
\everyline=\toks17
\!!counta=\count91
\!!countb=\count92
\recursecounter=\count93
)
loading : Context Support Macros / PDF (2004.03.26)
\nofMPsegments=\count94
\nofMParguments=\count95
\MPscratchCnt=\count96
\MPscratchDim=\dimen112
\MPnumerator=\count97
\everyMPtoPDFconversion=\toks18
)

! LaTeX Error: File `newcrest' not found.

See the LaTeX manual or LaTeX Companion for explanation.
Type  H <return>  for immediate help.
 ...                                              
                                                  
l.132 ... University}{Parks Road}{Oxford}{OX1 3QD}
                                                  
? 
LaTeX Font Info:    Font shape `OT1/ptm/bx/n' in size <17> not available
(Font)              Font shape `OT1/ptm/b/n' tried instead on input line 132.

Overfull \hbox (172.14961pt too wide) in paragraph at lines 132--133
[]
 []


Underfull \hbox (badness 10000) in paragraph at lines 132--133

 []

LaTeX Font Info:    Font shape `OT1/ptm/bx/n' in size <17.28> not available
(Font)              Font shape `OT1/ptm/b/n' tried instead on input line 137.
LaTeX Font Info:    Font shape `OT1/ptm/bx/n' in size <20.74> not available
(Font)              Font shape `OT1/ptm/b/n' tried instead on input line 142.
LaTeX Font Info:    Font shape `OT1/ptm/bx/n' in size <10> not available
(Font)              Font shape `OT1/ptm/b/n' tried instead on input line 150.
LaTeX Font Info:    Font shape `OT1/ptm/bx/n' in size <12> not available
(Font)              Font shape `OT1/ptm/b/n' tried instead on input line 150.
LaTeX Font Info:    External font `cmex10' loaded for size
(Font)              <7> on input line 154.
LaTeX Font Info:    External font `cmex10' loaded for size
(Font)              <5> on input line 154.

Overfull \hbox (136.09514pt too wide) in paragraph at lines 154--176
 [][] 
 []

LaTeX Font Info:    Font shape `OT1/ptm/bx/n' in size <14.4> not available
(Font)              Font shape `OT1/ptm/b/n' tried instead on input line 182.

Overfull \hbox (140.03749pt too wide) in paragraph at lines 191--211
[][] 
 []

LaTeX Font Info:    Font shape `OT1/ptm/bx/it' in size <10> not available
(Font)              Font shape `OT1/ptm/b/it' tried instead on input line 215.
LaTeX Font Info:    Font shape `OT1/ptm/m/ui' in size <10> not available
(Font)              Font shape `OT1/ptm/m/it' tried instead on input line 216.
LaTeX Font Info:    Try loading font information for OT1+pcr on input line 221.

(D:\texmf\tex\latex\psnfss\ot1pcr.fd
File: ot1pcr.fd 2001/06/04 font definitions for OT1/pcr.
)
Overfull \vbox (362.98158pt too high) has occurred while \output is active []


[1

{psfonts.map}]

! LaTeX Error: File `sciencearea' not found.

See the LaTeX manual or LaTeX Companion for explanation.
Type  H <return>  for immediate help.
 ...                                              
                                                  
l.262 \includegraphics[width=15cm]{sciencearea}
                                               
? 
LaTeX Font Info:    Try loading font information for OMS+ptm on input line 268.

(D:\texmf\tex\latex\psnfss\omsptm.fd
File: omsptm.fd 
)
LaTeX Font Info:    Font shape `OMS/ptm/m/n' in size <10> not available
(Font)              Font shape `OMS/cmsy/m/n' tried instead on input line 268.


! LaTeX Error: File `approach' not found.

See the LaTeX manual or LaTeX Companion for explanation.
Type  H <return>  for immediate help.
 ...                                              
                                                  
l.290 \includegraphics[width=15cm]{approach}
                                            
? 
[2] [3] [4]

! LaTeX Error: Environment shadowbox undefined.

See the LaTeX manual or LaTeX Companion for explanation.
Type  H <return>  for immediate help.
 ...                                              
                                                  
l.470 \end{shadowbox}}
                      
? 

! LaTeX Error: Something's wrong--perhaps a missing \item.

See the LaTeX manual or LaTeX Companion for explanation.
Type  H <return>  for immediate help.
 ...                                              
                                                  
l.470 \end{shadowbox}}
                      
? 

! LaTeX Error: Something's wrong--perhaps a missing \item.

See the LaTeX manual or LaTeX Companion for explanation.
Type  H <return>  for immediate help.
 ...                                              
                                                  
l.470 \end{shadowbox}}
                      
? 

! LaTeX Error: Something's wrong--perhaps a missing \item.

See the LaTeX manual or LaTeX Companion for explanation.
Type  H <return>  for immediate help.
 ...                                              
                                                  
l.470 \end{shadowbox}}
                      
? 
LaTeX Font Info:    Font shape `OT1/ptm/bx/it' in size <14.4> not available
(Font)              Font shape `OT1/ptm/b/it' tried instead on input line 470.

! LaTeX Error: Something's wrong--perhaps a missing \item.

See the LaTeX manual or LaTeX Companion for explanation.
Type  H <return>  for immediate help.
 ...                                              
                                                  
l.470 \end{shadowbox}}
                      
? 

! LaTeX Error: Something's wrong--perhaps a missing \item.

See the LaTeX manual or LaTeX Companion for explanation.
Type  H <return>  for immediate help.
 ...                                              
                                                  
l.470 \end{shadowbox}}
                      
? 

! LaTeX Error: Something's wrong--perhaps a missing \item.

See the LaTeX manual or LaTeX Companion for explanation.
Type  H <return>  for immediate help.
 ...                                              
                                                  
l.470 \end{shadowbox}}
                      
? 

! LaTeX Error: Something's wrong--perhaps a missing \item.

See the LaTeX manual or LaTeX Companion for explanation.
Type  H <return>  for immediate help.
 ...                                              
                                                  
l.470 \end{shadowbox}}
                      
? 

! LaTeX Error: Something's wrong--perhaps a missing \item.

See the LaTeX manual or LaTeX Companion for explanation.
Type  H <return>  for immediate help.
 ...                                              
                                                  
l.470 \end{shadowbox}}
                      
? 

! LaTeX Error: \begin{center} on input line 448 ended by \end{shadowbox}.

See the LaTeX manual or LaTeX Companion for explanation.
Type  H <return>  for immediate help.
 ...                                              
                                                  
l.470 \end{shadowbox}}
                      
? 

Overfull \hbox (174.92017pt too wide) in paragraph at lines 470--471
 [] 
 []

[5]
Missing character: There is no é in font ptmb7t!
Missing character: There is no é in font ptmb7t!
Missing character: There is no é in font ptmb7t!

Overfull \hbox (2.38693pt too wide) in paragraph at lines 568--572
[]\OT1/ptm/m/n/10 The stan-dard fast food places are all rep-re-sented on Corn-
mar-ket Street
 []

[6] [7]
Overfull \hbox (1.96614pt too wide) in paragraph at lines 694--697
[]\OT1/ptm/m/n/10 On George Street. Map ref-er-ence D5. Mis-sis-sippi themed pu
b/restaurant,
 []

[8]
Overfull \hbox (40.00003pt too wide) in paragraph at lines 759--760
[][]\OT1/pcr/m/n/10 http://www.picturehouses.co.uk/site/cinemas/Oxford/local.ht
m 
 []


Overfull \hbox (16.00003pt too wide) in paragraph at lines 768--769
[][]\OT1/pcr/m/n/10 http://www.thisistheatre.com/regional/oxfordtheatre.html 
 []

[9]
Overfull \hbox (33.1175pt too wide) in paragraph at lines 788--790
\OT1/ptm/m/n/10 For more in-for-ma-tion about Ox-ford, visit the dai-ly-info we
b-site: $\OT1/pcr/m/n/10 http : / / www . dailyinfo .
 []

[10] [11]
LaTeX Font Info:    External font `cmex10' loaded for size
(Font)              <9> on input line 874.
LaTeX Font Info:    External font `cmex10' loaded for size
(Font)              <6> on input line 874.
LaTeX Font Info:    Font shape `OT1/ptm/bx/n' in size <9> not available
(Font)              Font shape `OT1/ptm/b/n' tried instead on input line 875.

Overfull \hbox (120.0177pt too wide) in paragraph at lines 874--879
[] 
 []

LaTeX Font Info:    Font shape `OT1/ptm/bx/it' in size <9> not available
(Font)              Font shape `OT1/ptm/b/it' tried instead on input line 887.

Overfull \hbox (120.0177pt too wide) in paragraph at lines 882--932
[] 
 []


Overfull \hbox (120.0177pt too wide) in paragraph at lines 935--959
[] 
 []

[12]
Overfull \hbox (120.0177pt too wide) in paragraph at lines 962--1009
[] 
 []


Overfull \hbox (120.0177pt too wide) in paragraph at lines 1011--1058
[]
 []


Underfull \hbox (badness 10000) in paragraph at lines 1011--1058

 []

[13] [14] (generalinfo.aux) ) 
Here is how much of TeX's memory you used:
 1343 strings out of 95515
 14718 string characters out of 1189489
 69213 words of memory out of 1063268
 4376 multiletter control sequences out of 60000
 34600 words of font info for 59 fonts, out of 1000000 for 2000
 14 hyphenation exceptions out of 4999
 29i,9n,49p,252b,252s stack positions out of 5000i,500n,10000p,200000b,32768s
PDF statistics:
 72 PDF objects out of 300000
 0 named destinations out of 300000
 1 words of extra memory for PDF output out of 65536
<D:\texmf\fonts\type1\bluesky\cm\cmsy9.pfb><D:\tex
mf\fonts\type1\bluesky\cm\cmmi7.pfb><D:\texmf\fonts\type1\bluesky\cm\cmsy10.pfb
>{8r.enc}<D:\texmf\fonts\type1\urw\urwstd\ucrr8a.pfb><D:\texmf\fonts\type1\urw\
urwstd\utmri8a.pfb><D:\texmf\fonts\type1\urw\urwstd\utmbi8a.pfb><D:\texmf\fonts
\type1\urw\urwstd\utmb8a.pfb><D:\texmf\fonts\type1\urw\urwstd\utmr8a.pfb><D:\te
xmf\fonts\type1\bluesky\cm\cmr10.pfb>
Output written on generalinfo.pdf (14 pages, 133669 bytes).
