This is pdfeTeX, Version 3.141592-1.21a-2.2 (MiKTeX 2.4) (preloaded format=latex 2005.4.7)  7 APR 2005 14:39
entering extended mode
**assignment_alg.tex
(assignment_alg.tex
LaTeX2e <2003/12/01>
Babel <v3.8a> and hyphenation patterns for english, french, german, ngerman, du
mylang, nohyphenation, loaded.
(D:\texmf\tex\latex\base\article.cls
Document Class: article 2004/02/16 v1.4f Standard LaTeX document class
(D:\texmf\tex\latex\base\size10.clo
File: size10.clo 2004/02/16 v1.4f Standard LaTeX file (size option)
)
\c@part=\count79
\c@section=\count80
\c@subsection=\count81
\c@subsubsection=\count82
\c@paragraph=\count83
\c@subparagraph=\count84
\c@figure=\count85
\c@table=\count86
\abovecaptionskip=\skip41
\belowcaptionskip=\skip42
\bibindent=\dimen102
) (D:\texmf\tex\latex\base\fontenc.sty
Package: fontenc 2004/02/22 v1.99f Standard LaTeX package

(D:\texmf\tex\latex\base\t1enc.def
File: t1enc.def 2004/02/22 v1.99f Standard LaTeX file
LaTeX Font Info:    Redeclaring font encoding T1 on input line 43.
)) (D:\texmf\tex\latex\graphics\graphics.sty
Package: graphics 2001/07/07 v1.0n Standard LaTeX Graphics (DPC,SPQR)

(D:\texmf\tex\latex\graphics\trig.sty
Package: trig 1999/03/16 v1.09 sin cos tan (DPC)
)
(D:\texmf\tex\latex\00miktex\graphics.cfg
File: graphics.cfg 2003/03/12 v1.1 MiKTeX 'graphics' configuration
)
Package graphics Info: Driver file: pdftex.def on input line 80.

(D:\texmf\tex\latex\graphics\pdftex.def
File: pdftex.def 2002/06/19 v0.03k graphics/color for pdftex
\Gread@gobject=\count87
))
(D:\texmf\tex\latex\amsfonts\amssymb.sty
Package: amssymb 2002/01/22 v2.2d

(D:\texmf\tex\latex\amsfonts\amsfonts.sty
Package: amsfonts 2001/10/25 v2.2f
\@emptytoks=\toks14
\symAMSa=\mathgroup4
\symAMSb=\mathgroup5
LaTeX Font Info:    Overwriting math alphabet `\mathfrak' in version `bold'
(Font)                  U/euf/m/n --> U/euf/b/n on input line 132.
))
(D:\texmf\tex\latex\graphics\color.sty
Package: color 1999/02/16 v1.0i Standard LaTeX Color (DPC)
 (D:\texmf\tex\latex\00miktex\color.cfg
File: color.cfg 2003/03/08 v1.0 MiKTeX 'color' configuration
)
Package color Info: Driver file: pdftex.def on input line 125.
) (oxfordexam.sty
Package: oxfordexam 2004/04/09
 (D:\texmf\tex\latex\fancyhdr\fancyhdr.sty
\fancy@headwidth=\skip43
\f@ncyO@elh=\skip44
\f@ncyO@erh=\skip45
\f@ncyO@olh=\skip46
\f@ncyO@orh=\skip47
\f@ncyO@elf=\skip48
\f@ncyO@erf=\skip49
\f@ncyO@olf=\skip50
\f@ncyO@orf=\skip51
)
(D:\texmf\tex\latex\lastpage\lastpage.sty
Package: lastpage 1994/06/25 v0.1b LaTeX2e package for refs to last page number
 (JPG)
)) (assignment_alg.aux)
LaTeX Font Info:    Checking defaults for OML/cmm/m/it on input line 26.
LaTeX Font Info:    ... okay on input line 26.
LaTeX Font Info:    Checking defaults for T1/cmr/m/n on input line 26.
LaTeX Font Info:    ... okay on input line 26.
LaTeX Font Info:    Checking defaults for OT1/cmr/m/n on input line 26.
LaTeX Font Info:    ... okay on input line 26.
LaTeX Font Info:    Checking defaults for OMS/cmsy/m/n on input line 26.
LaTeX Font Info:    ... okay on input line 26.
LaTeX Font Info:    Checking defaults for OMX/cmex/m/n on input line 26.
LaTeX Font Info:    ... okay on input line 26.
LaTeX Font Info:    Checking defaults for U/cmr/m/n on input line 26.
LaTeX Font Info:    ... okay on input line 26.

(D:\texmf\tex\context\base\supp-pdf.tex (D:\texmf\tex\context\base\supp-mis.tex
loading : Context Support Macros / Miscellaneous (2004.10.26)
\protectiondepth=\count88
\scratchcounter=\count89
\scratchtoks=\toks15
\scratchdimen=\dimen103
\scratchskip=\skip52
\scratchmuskip=\muskip10
\scratchbox=\box26
\scratchread=\read1
\scratchwrite=\write3
\zeropoint=\dimen104
\onepoint=\dimen105
\onebasepoint=\dimen106
\minusone=\count90
\thousandpoint=\dimen107
\onerealpoint=\dimen108
\emptytoks=\toks16
\nextbox=\box27
\nextdepth=\dimen109
\everyline=\toks17
\!!counta=\count91
\!!countb=\count92
\recursecounter=\count93
)
loading : Context Support Macros / PDF (2004.03.26)
\nofMPsegments=\count94
\nofMParguments=\count95
\MPscratchCnt=\count96
\MPscratchDim=\dimen110
\MPnumerator=\count97
\everyMPtoPDFconversion=\toks18
) [1

{psfonts.map}]
LaTeX Font Info:    Try loading font information for U+msa on input line 35.
 (D:\texmf\tex\latex\amsfonts\umsa.fd
File: umsa.fd 2002/01/19 v2.2g AMS font definitions
)
LaTeX Font Info:    Try loading font information for U+msb on input line 35.

(D:\texmf\tex\latex\amsfonts\umsb.fd
File: umsb.fd 2002/01/19 v2.2g AMS font definitions
)
<alg-ex1.pdf, id=10, 171.64125pt x 62.2325pt>
File: alg-ex1.pdf Graphic file (type pdf)
 <use alg-ex1.pdf>
Overfull \hbox (6.28366pt too wide) in paragraph at lines 77--82
[]\T1/cmr/m/n/10 In this man-ner, we can cre-ate an in-fi-nite word $\OML/cmm/m
/it/10  \OT1/cmr/m/n/10 = \OML/cmm/m/it/10 w[]:\OT1/cmr/m/n/10 11\OML/cmm/m/it
/10 :w[]:\OT1/cmr/m/n/10 11\OML/cmm/m/it/10 : [] w[]:\OT1/cmr/m/n/10 11\OML/cmm
/m/it/10 : []$
 []


Overfull \hbox (48.30272pt too wide) in alignment at lines 93--99
 [][][] []
 []

[1 <alg-ex1.pdf>]
Overfull \hbox (91.66869pt too wide) in alignment at lines 160--167
 [][][] []
 []

[2]
Overfull \hbox (14.7869pt too wide) detected at line 191
\OML/cmm/m/it/10 F\OT1/cmr/m/n/10 (\OML/cmm/m/it/10 n\OT1/cmr/m/n/10 ) = \OMS/c
msy/m/n/10 f\OML/cmm/m/it/10 k \OMS/cmsy/m/n/10 2 \U/msb/m/n/10 N\OMS/cmsy/m/n/
10 j[]g
 []

[3] [4

] [5

] [6

] [7

]
Overfull \hbox (57.06573pt too wide) in alignment at lines 241--246
 [][][] []
 []

<alg-ex5.pdf, id=74, 300.12125pt x 523.9575pt>
File: alg-ex5.pdf Graphic file (type pdf)
 <use alg-ex5.pdf>
Overfull \hbox (8.32559pt too wide) in paragraph at lines 265--268
[]\T1/cmr/m/n/10 The fol-low-ing graph de-scribes the game $\OMS/cmsy/m/n/10 G[
] []$\T1/cmr/m/n/10 :
 []

[8

] [9 <alg-ex5.pdf>]
\c@theorem=\count98

Overfull \hbox (8.991pt too wide) in paragraph at lines 282--286
[]\T1/cmr/m/n/10 V has a history-free win-ning strat-egy for $\OMS/cmsy/m/n/10 
G[] []$
 []


Overfull \hbox (55.4123pt too wide) in alignment at lines 300--306
 [][][] []
 []

[10]
Overfull \hbox (102.35472pt too wide) in alignment at lines 364--372
 [][][] []
 []


Overfull \hbox (101.46336pt too wide) in alignment at lines 375--408
 [][][] []
 []

[11]
LaTeX Font Info:    Try loading font information for OMS+cmr on input line 423.

 (D:\texmf\tex\latex\base\omscmr.fd
File: omscmr.fd 1999/05/25 v2.5h Standard LaTeX font definitions
)
LaTeX Font Info:    Font shape `OMS/cmr/m/n' in size <10> not available
(Font)              Font shape `OMS/cmsy/m/n' tried instead on input line 423.
 [12] AED: lastpage setting LastPage
[13] (assignment_alg.aux) ) 
Here is how much of TeX's memory you used:
 1614 strings out of 95512
 16411 string characters out of 1189449
 70696 words of memory out of 1062184
 4656 multiletter control sequences out of 60000
 13176 words of font info for 34 fonts, out of 500000 for 1000
 14 hyphenation exceptions out of 607
 28i,14n,45p,231b,340s stack positions out of 1500i,500n,5000p,200000b,32768s
PDF statistics:
 113 PDF objects out of 300000
 0 named destinations out of 300000
 11 words of extra memory for PDF output out of 65536
<D:\texmf\fonts\type1\bluesky\cm\cmmi5.pfb> <E:\loca
ltexmf\fonts\pk\ljfour\jknappen\ec\dpi600\ecti1000.pk><D:\texmf\fonts\type1\blu
esky\cm\cmbx10.pfb><D:\texmf\fonts\type1\bluesky\symbols\msam10.pfb><D:\texmf\f
onts\type1\bluesky\cm\cmex10.pfb><D:\texmf\fonts\type1\bluesky\symbols\msbm10.p
fb><D:\texmf\fonts\type1\bluesky\cm\cmr5.pfb><D:\texmf\fonts\type1\bluesky\cm\c
mr7.pfb><D:\texmf\fonts\type1\bluesky\cm\cmmi7.pfb><D:\texmf\fonts\type1\bluesk
y\cm\cmsy7.pfb><D:\texmf\fonts\type1\bluesky\cm\cmr10.pfb><D:\texmf\fonts\type1
\bluesky\cm\cmsy10.pfb><D:\texmf\fonts\type1\bluesky\cm\cmmi10.pfb> <E:\localte
xmf\fonts\pk\ljfour\jknappen\ec\dpi600\ecrm1000.pk> <E:\localtexmf\fonts\pk\ljf
our\jknappen\ec\dpi600\ecbx1000.pk> <E:\localtexmf\fonts\pk\ljfour\jknappen\ec\
dpi600\ecbx1440.pk> <E:\localtexmf\fonts\pk\ljfour\jknappen\ec\dpi600\ecbx1728.
pk> <E:\localtexmf\fonts\pk\ljfour\jknappen\ec\dpi600\ecbx2488.pk> <E:\localtex
mf\fonts\pk\ljfour\jknappen\ec\dpi600\ecrm2488.pk>
Output written on assignment_alg.pdf (14 pages, 171695 bytes).
