This is e-TeX, Version 3.141592-2.2 (MiKTeX 2.4) (preloaded format=latex 2005.4.1)  2 APR 2005 14:26
entering extended mode
**oxfordexam.sty
(oxfordexam.sty
LaTeX2e <2003/12/01>
Babel <v3.8a> and hyphenation patterns for english, french, german, ngerman, du
mylang, nohyphenation, loaded.

LaTeX Warning: You have requested package `',
               but the package provides `oxfordexam'.

Package: oxfordexam 2004/04/09
(d:\texmf\tex\latex\fancyhdr\fancyhdr.sty
\fancy@headwidth=\skip41
\f@ncyO@elh=\skip42
\f@ncyO@erh=\skip43
\f@ncyO@olh=\skip44
\f@ncyO@orh=\skip45
\f@ncyO@elf=\skip46
\f@ncyO@erf=\skip47
\f@ncyO@olf=\skip48
\f@ncyO@orf=\skip49
)
(d:\texmf\tex\latex\lastpage\lastpage.sty
Package: lastpage 1994/06/25 v0.1b LaTeX2e package for refs to last page number
 (JPG)
))
*
! Emergency stop.
<*> oxfordexam.sty
                  
End of file on the terminal!

 
Here is how much of TeX's memory you used:
 163 strings out of 95898
 1581 string characters out of 1195289
 45330 words of memory out of 1049107
 3287 multiletter control sequences out of 60000
 3640 words of font info for 14 fonts, out of 500000 for 1000
 14 hyphenation exceptions out of 607
 21i,0n,43p,163b,10s stack positions out of 1500i,500n,5000p,200000b,32768s
No pages of output.
