This is pdfeTeX, Version 3.141592-1.21a-2.2 (MiKTeX 2.4) (preloaded format=latex 2005.5.16)  25 MAY 2005 00:14
entering extended mode
**selfassess.tex
(selfassess.tex
LaTeX2e <2003/12/01>
Babel <v3.8a> and hyphenation patterns for english, french, german, ngerman, du
mylang, nohyphenation, loaded.
(d:\texmf\tex\latex\base\article.cls
Document Class: article 2004/02/16 v1.4f Standard LaTeX document class
(d:\texmf\tex\latex\base\size10.clo
File: size10.clo 2004/02/16 v1.4f Standard LaTeX file (size option)
)
\c@part=\count79
\c@section=\count80
\c@subsection=\count81
\c@subsubsection=\count82
\c@paragraph=\count83
\c@subparagraph=\count84
\c@figure=\count85
\c@table=\count86
\abovecaptionskip=\skip41
\belowcaptionskip=\skip42
\bibindent=\dimen102
) (d:\texmf\tex\latex\ltxmisc\url.sty
\Urlmuskip=\muskip10
Package: url 2004/03/15  ver 3.1  Verb mode for urls, etc.
)
(selfassess.aux)
LaTeX Font Info:    Checking defaults for OML/cmm/m/it on input line 7.
LaTeX Font Info:    ... okay on input line 7.
LaTeX Font Info:    Checking defaults for T1/cmr/m/n on input line 7.
LaTeX Font Info:    ... okay on input line 7.
LaTeX Font Info:    Checking defaults for OT1/cmr/m/n on input line 7.
LaTeX Font Info:    ... okay on input line 7.
LaTeX Font Info:    Checking defaults for OMS/cmsy/m/n on input line 7.
LaTeX Font Info:    ... okay on input line 7.
LaTeX Font Info:    Checking defaults for OMX/cmex/m/n on input line 7.
LaTeX Font Info:    ... okay on input line 7.
LaTeX Font Info:    Checking defaults for U/cmr/m/n on input line 7.
LaTeX Font Info:    ... okay on input line 7.
LaTeX Font Info:    External font `cmex10' loaded for size
(Font)              <12> on input line 10.
LaTeX Font Info:    External font `cmex10' loaded for size
(Font)              <8> on input line 10.
LaTeX Font Info:    External font `cmex10' loaded for size
(Font)              <6> on input line 10.
 (selfassess.bbl [1

{psfonts.map}]
LaTeX Font Info:    External font `cmex10' loaded for size
(Font)              <7> on input line 22.
LaTeX Font Info:    External font `cmex10' loaded for size
(Font)              <5> on input line 22.
 [2]) [3] (selfassess.aux) ) 
Here is how much of TeX's memory you used:
 338 strings out of 95512
 3505 string characters out of 1189448
 49315 words of memory out of 1050531
 3488 multiletter control sequences out of 60000
 7626 words of font info for 27 fonts, out of 500000 for 1000
 14 hyphenation exceptions out of 607
 23i,6n,19p,137b,201s stack positions out of 1500i,500n,5000p,200000b,32768s
PDF statistics:
 28 PDF objects out of 300000
 0 named destinations out of 300000
 1 words of extra memory for PDF output out of 65536
<d:\texmf\fonts\type1\bluesky\cm\cmmi10.pfb><d:\tex
mf\fonts\type1\bluesky\cm\cmti10.pfb><d:\texmf\fonts\type1\bluesky\cm\cmr10.pfb
><d:\texmf\fonts\type1\bluesky\cm\cmbx12.pfb><d:\texmf\fonts\type1\bluesky\cm\c
mr12.pfb><d:\texmf\fonts\type1\bluesky\cm\cmr17.pfb>
Output written on selfassess.pdf (3 pages, 57405 bytes).
