This is e-TeX, Version 3.141592-2.2 (MiKTeX 2.4) (preloaded format=latex 2006.2.20)  21 FEB 2006 02:00
entering extended mode
**\nonstopmode\nofiles\PassOptionsToPackage{active,tightpage,auctex}{preview}\A
tBeginDocument{\ifx\ifPreview\undefined\RequirePackage[displaymath,floats,graph
ics,textmath,sections,footnotes]{preview}[2004/11/05]\fi}\input{_region_.tex}
(_region_.tex  !name(safenonhomog.tex)  !name(safenonhomog.tex) !offset(356) 

! LaTeX Error: Missing \begin{document}.

See the LaTeX manual or LaTeX Companion for explanation.
Type  H <return>  for immediate help.
 ...                                              
                                                  
l.3 $
     x+1=f_{0+x}^{\cos{d}}$
You're in trouble here.  Try typing  <return>  to proceed.
If that doesn't work, type  X <return>  to quit.

LaTeX Font Info:    External font `cmex10' loaded for size
(Font)              <7> on input line 3.
LaTeX Font Info:    External font `cmex10' loaded for size
(Font)              <5> on input line 3.
 !name(safenonhomog.tex) !offset(-4) )
! Emergency stop.
<*> ...review}[2004/11/05]\fi}\input{_region_.tex}
                                                  
*** (job aborted, no legal \end found)

 
Here is how much of TeX's memory you used:
 13 strings out of 95901
 129 string characters out of 1195329
 44793 words of memory out of 1048577
 3144 multiletter control sequences out of 60000
 3640 words of font info for 14 fonts, out of 1000000 for 2000
 14 hyphenation exceptions out of 4999
 19i,3n,12p,285b,56s stack positions out of 5000i,500n,10000p,200000b,32768s
No pages of output.
