This is e-TeX, Version 3.141592-2.2 (MiKTeX 2.4) (preloaded format=latex 2006.2.24)  24 FEB 2006 16:36
entering extended mode
**main.tex
(main.tex
LaTeX2e <2003/12/01>
Babel <v3.8g> and hyphenation patterns for english, dumylang, nohyphenation, ge
rman, ngerman, french, loaded.
(D:\texmf\tex\latex\base\report.cls
Document Class: report 2004/02/16 v1.4f Standard LaTeX document class
(D:\texmf\tex\latex\base\size10.clo
File: size10.clo 2004/02/16 v1.4f Standard LaTeX file (size option)
)
\c@part=\count79
\c@chapter=\count80
\c@section=\count81
\c@subsection=\count82
\c@subsubsection=\count83
\c@paragraph=\count84
\c@subparagraph=\count85
\c@figure=\count86
\c@table=\count87
\abovecaptionskip=\skip41
\belowcaptionskip=\skip42
\bibindent=\dimen102
) (preambule.tex
(D:\texmf\tex\latex\graphics\graphicx.sty
Package: graphicx 1999/02/16 v1.0f Enhanced LaTeX Graphics (DPC,SPQR)

(D:\texmf\tex\latex\graphics\keyval.sty
Package: keyval 1999/03/16 v1.13 key=value parser (DPC)
\KV@toks@=\toks14
)
(D:\texmf\tex\latex\graphics\graphics.sty
Package: graphics 2001/07/07 v1.0n Standard LaTeX Graphics (DPC,SPQR)
 (D:\texmf\tex\latex\graphics\trig.sty
Package: trig 1999/03/16 v1.09 sin cos tan (DPC)
) (D:\texmf\tex\latex\00miktex\graphics.cfg
File: graphics.cfg 2005/12/29 v1.2 MiKTeX 'graphics' configuration
)
Package graphics Info: Driver file: dvips.def on input line 80.

(D:\texmf\tex\latex\graphics\dvips.def
File: dvips.def 1999/02/16 v3.0i Driver-dependant file (DPC,SPQR)
))
\Gin@req@height=\dimen103
\Gin@req@width=\dimen104
)
(D:\texmf\tex\latex\ltxmisc\a4wide.sty
Package: a4wide 1994/08/30
 (D:\texmf\tex\latex\ntgclass\a4.sty
Package: a4 2004/04/15 v1.2g A4 based page layout
))
(D:\texmf\tex\latex\pstricks\pst-tree.sty
(D:\texmf\tex\latex\pstricks\pstricks.sty
Package: pstricks 2005/12/19 v0.31 LaTeX wrapper for `PSTricks' (RN,HV)

(D:\texmf\tex\generic\pstricks\pstricks.tex
`PSTricks' v1.14a  <2006/02/06> (tvz)
\pst@dima=\dimen105
\pst@dimb=\dimen106
\pst@dimc=\dimen107
\pst@dimd=\dimen108
\pst@dimg=\dimen109
\pst@dimh=\dimen110
\pst@hbox=\box26
\pst@boxg=\box27
\pst@cnta=\count88
\pst@cntb=\count89
\pst@cntc=\count90
\pst@cntd=\count91
\pst@cntg=\count92
\pst@cnth=\count93
\pst@toks=\toks15
(D:\texmf\tex\generic\pstricks\pstricks.con)
\psunit=\dimen111
\psxunit=\dimen112
\psyunit=\dimen113
\pslinewidth=\dimen114
\pst@customdefs=\toks16
\pslinearc=\dimen115
\everypsbox=\toks17
\psframesep=\dimen116
\pslabelsep=\dimen117
\psk@shift=\dimen118
\pst@shift=\dimen119
\theoverlaybox=\box28
)
File: pstricks.tex 2006/02/06 v1.14a `PSTricks' (tvz)

(D:\texmf\tex\latex\xcolor\xcolor.sty
Package: xcolor 2005/12/21 v2.09 LaTeX color extensions (UK)
 (D:\texmf\tex\latex\00miktex\color.cfg
File: color.cfg 2005/12/29 v1.1 MiKTeX 'color' configuration
)
Package xcolor Info: Package option `override' ignored on input line 211.
Package xcolor Info: Driver file: dvips.def on input line 220.
Package xcolor Info: Model `cmy' substituted by `cmy0' on input line 1328.
Package xcolor Info: Model `RGB' extended on input line 1344.
Package xcolor Info: Model `HTML' substituted by `rgb' on input line 1346.
Package xcolor Info: Model `Hsb' substituted by `hsb' on input line 1347.
Package xcolor Info: Model `tHsb' substituted by `hsb' on input line 1348.
Package xcolor Info: Model `HSB' substituted by `hsb' on input line 1349.
Package xcolor Info: Model `Gray' substituted by `gray' on input line 1350.
Package xcolor Info: Model `wave' substituted by `hsb' on input line 1351.
))
Package: pst-tree 2004/07/15 package wrapper for pst-tree.tex
(D:\texmf\tex\generic\pstricks\pst-tree.tex
(D:\texmf\tex\generic\pstricks\pst-node.tex  v97 patch 11, 2000/11/09
\psrow=\count94
\pscol=\count95
\psmatrixcnt=\count96
\psrowsep=\skip43
\pscolsep=\skip44
)
 v97 patch 6, 2004/07/24
\pstree@rootbox=\box29
\pstree@box=\box30
\psnodecnt=\count97
\pstreelevel=\count98
\pstreecnt=\count99
\pstree@cnt=\count100
\pstree@stop=\count101
)
File: pst-tree.tex 2004/07/24 97 patch 6 `pst-tree' (tvz)
) (D:\texmf\tex\latex\stmaryrd\stmaryrd.sty
Package: stmaryrd 1994/03/03 St Mary's Road symbol package
\symstmry=\mathgroup4
LaTeX Font Info:    Overwriting symbol font `stmry' in version `bold'
(Font)                  U/stmry/m/n --> U/stmry/b/n on input line 89.
)
(D:\texmf\tex\generic\xypic\xypic.sty (D:\texmf\tex\generic\xypic\xy.sty
(D:\texmf\tex\generic\xypic\xy.tex Bootstrap'ing: catcodes, docmode,
(D:\texmf\tex\generic\xypic\xyrecat.tex)
(D:\texmf\tex\generic\xypic\xyidioms.tex)

 Xy-pic version 3.7 <1999/02/16>
 Copyright (c) 1991-1998 by Kristoffer H. Rose <krisrose@ens-lyon.fr>
 Xy-pic is free software: see the User's Guide for details.

Loading kernel: messages; fonts; allocations: state,
\X@c=\dimen120
\Y@c=\dimen121
\U@c=\dimen122
\D@c=\dimen123
\L@c=\dimen124
\R@c=\dimen125
\Edge@c=\toks18
\X@p=\dimen126
\Y@p=\dimen127
\U@p=\dimen128
\D@p=\dimen129
\L@p=\dimen130
\R@p=\dimen131
\Edge@p=\toks19
\X@origin=\dimen132
\Y@origin=\dimen133
\X@xbase=\dimen134
\Y@xbase=\dimen135
\X@ybase=\dimen136
\Y@ybase=\dimen137
\X@min=\dimen138
\Y@min=\dimen139
\X@max=\dimen140
\Y@max=\dimen141
\lastobjectbox@=\box31
\zerodotbox@=\box32
\almostz@=\dimen142
 direction,
\d@X=\dimen143
\d@Y=\dimen144
\K@=\count102
\KK@=\count103
\Direction=\count104
\K@dXdY=\dimen145
\K@dYdX=\dimen146
\xyread@=\read1
\xywrite@=\write3
\csp@=\count105
\quotPTK@=\dimen147

utility macros; pictures: \xy, positions,
\swaptoks@@=\toks20
\connectobjectbox@@=\box33
 objects,
\styletoks@=\toks21
 decorations;
kernel objects: directionals, circles, text; options; algorithms: directions,
edges, connections;  Xy-pic loaded)

LaTeX Warning: You have requested package `xypic',
               but the package provides `xy'.

Package: xy 1999/02/16 Xy-pic version 3.7
(D:\texmf\tex\generic\xypic\xyall.tex  Xy-pic option: All features v.3.3
(D:\texmf\tex\generic\xypic\xycurve.tex
 Xy-pic option: Curve and Spline extension v.3.7 curve,
\crv@cnt@=\count106
\crvpts@=\toks22
\splinebox@=\box34
\splineval@=\dimen148
\splinedepth@=\dimen149
\splinetol@=\dimen150
\splinelength@=\dimen151
 circles,
\L@=\dimen152
 loaded)
(D:\texmf\tex\generic\xypic\xyframe.tex
 Xy-pic option: Frame and Bracket extension v.3.7 loaded)
(D:\texmf\tex\generic\xypic\xycmtip.tex
 Xy-pic option: Computer Modern tip extension v.3.3
(D:\texmf\tex\generic\xypic\xytips.tex
 Xy-pic option: More Tips extension v.3.3 loaded) loaded)
(D:\texmf\tex\generic\xypic\xyline.tex
 Xy-pic option: Line styles extension v.3.6
\xylinethick@=\dimen153
 loaded)
(D:\texmf\tex\generic\xypic\xyrotate.tex
 Xy-pic option: Rotate and Scale extension v.3.3 loaded)
(D:\texmf\tex\generic\xypic\xycolor.tex  Xy-pic option: Colour extension v.3.3
loaded) (D:\texmf\tex\generic\xypic\xymatrix.tex
 Xy-pic option: Matrix feature v.3.4
\Row=\count107
\Col=\count108
\queue@=\toks23
\queue@@=\toks24
\qcount@=\count109
\qcount@@=\count110
\matrixsize@=\count111
 loaded)
(D:\texmf\tex\generic\xypic\xyarrow.tex
 Xy-pic option: Arrow and Path feature v.3.5 path, \ar, loaded)
(D:\texmf\tex\generic\xypic\xygraph.tex  Xy-pic option: Graph feature v.3.7
loaded) loaded)) (D:\texmf\tex\generic\xypic\xyv2.tex
 Xy-pic option: Version 2 Compatibility v.3.4

Xy-pic Warning: `\merge' redefined.


Xy-pic Warning: `\stop' redefined.

loaded)) (D:\texmf\tex\latex\amsmath\amsmath.sty
Package: amsmath 2000/07/18 v2.13 AMS math features
\@mathmargin=\skip45

For additional information on amsmath, use the `?' option.
(D:\texmf\tex\latex\amsmath\amstext.sty
Package: amstext 2000/06/29 v2.01
 (D:\texmf\tex\latex\amsmath\amsgen.sty
File: amsgen.sty 1999/11/30 v2.0
\@emptytoks=\toks25
\ex@=\dimen154
)
LaTeX Info: Redefining \text on input line 53.
) (D:\texmf\tex\latex\amsmath\amsbsy.sty
Package: amsbsy 1999/11/29 v1.2d
\pmbraise@=\dimen155
)
(D:\texmf\tex\latex\amsmath\amsopn.sty
Package: amsopn 1999/12/14 v2.01 operator names
)
\inf@bad=\count112
LaTeX Info: Redefining \frac on input line 211.
\uproot@=\count113
\leftroot@=\count114
LaTeX Info: Redefining \overline on input line 307.
\classnum@=\count115
\DOTSCASE@=\count116
LaTeX Info: Redefining \ldots on input line 379.
LaTeX Info: Redefining \dots on input line 382.
LaTeX Info: Redefining \cdots on input line 467.
\Mathstrutbox@=\box35
\strutbox@=\box36
\big@size=\dimen156
LaTeX Font Info:    Redeclaring font encoding OML on input line 567.
LaTeX Font Info:    Redeclaring font encoding OMS on input line 568.
\macc@depth=\count117
\c@MaxMatrixCols=\count118
\dotsspace@=\muskip10
\c@parentequation=\count119
\dspbrk@lvl=\count120
\tag@help=\toks26
\row@=\count121
\column@=\count122
\maxfields@=\count123
\andhelp@=\toks27
\eqnshift@=\dimen157
\alignsep@=\dimen158
\tagshift@=\dimen159
\tagwidth@=\dimen160
\totwidth@=\dimen161
\lineht@=\dimen162
\@envbody=\toks28
\multlinegap=\skip46
\multlinetaggap=\skip47
\mathdisplay@stack=\toks29
LaTeX Info: Redefining \[ on input line 2666.
LaTeX Info: Redefining \] on input line 2667.
) (D:\texmf\tex\latex\amscls\amsthm.sty
Package: amsthm 2004/08/06 v2.20
\thm@style=\toks30
\thm@bodyfont=\toks31
\thm@headfont=\toks32
\thm@notefont=\toks33
\thm@headpunct=\toks34
\thm@preskip=\skip48
\thm@postskip=\skip49
\thm@headsep=\skip50
\dth@everypar=\toks35
) (D:\texmf\tex\latex\amsfonts\amssymb.sty
Package: amssymb 2002/01/22 v2.2d

(D:\texmf\tex\latex\amsfonts\amsfonts.sty
Package: amsfonts 2001/10/25 v2.2f
\symAMSa=\mathgroup5
\symAMSb=\mathgroup6
LaTeX Font Info:    Overwriting math alphabet `\mathfrak' in version `bold'
(Font)                  U/euf/m/n --> U/euf/b/n on input line 132.
)
LaTeX Font Info:    Redeclaring math symbol \boxdot on input line 60.
) (D:\texmf\tex\latex\bbm\bbm.sty
Package: bbm 1999/03/15 V 1.2 provides fonts for set symbols - TH
LaTeX Font Info:    Overwriting math alphabet `\mathbbm' in version `bold'
(Font)                  U/bbm/m/n --> U/bbm/bx/n on input line 33.
LaTeX Font Info:    Overwriting math alphabet `\mathbbmss' in version `bold'
(Font)                  U/bbmss/m/n --> U/bbmss/bx/n on input line 35.
)
(D:\texmf\tex\latex\base\latexsym.sty
Package: latexsym 1998/08/17 v2.2e Standard LaTeX package (lasy symbols)
\symlasy=\mathgroup7
LaTeX Font Info:    Overwriting symbol font `lasy' in version `bold'
(Font)                  U/lasy/m/n --> U/lasy/b/n on input line 47.
) (D:\texmf\tex\latex\natbib\natbib.sty
Package: natbib 2006/01/12 7.2 (PWD)
\bibhang=\skip51
\bibsep=\skip52
LaTeX Info: Redefining \cite on input line 541.
\c@NAT@ctr=\count124
)
\c@thm=\count125
)
(main.aux (chap_gamesem.aux) (chap_safelambda.aux))
LaTeX Font Info:    Checking defaults for OML/cmm/m/it on input line 10.
LaTeX Font Info:    ... okay on input line 10.
LaTeX Font Info:    Checking defaults for T1/cmr/m/n on input line 10.
LaTeX Font Info:    ... okay on input line 10.
LaTeX Font Info:    Checking defaults for OT1/cmr/m/n on input line 10.
LaTeX Font Info:    ... okay on input line 10.
LaTeX Font Info:    Checking defaults for OMS/cmsy/m/n on input line 10.
LaTeX Font Info:    ... okay on input line 10.
LaTeX Font Info:    Checking defaults for OMX/cmex/m/n on input line 10.
LaTeX Font Info:    ... okay on input line 10.
LaTeX Font Info:    Checking defaults for U/cmr/m/n on input line 10.
LaTeX Font Info:    ... okay on input line 10.
LaTeX Font Info:    Try loading font information for U+stmry on input line 12.

(D:\texmf\tex\latex\stmaryrd\ustmry.fd)
LaTeX Font Info:    Try loading font information for U+msa on input line 12.
 (D:\texmf\tex\latex\amsfonts\umsa.fd
File: umsa.fd 2002/01/19 v2.2g AMS font definitions
)
LaTeX Font Info:    Try loading font information for U+msb on input line 12.

(D:\texmf\tex\latex\amsfonts\umsb.fd
File: umsb.fd 2002/01/19 v2.2g AMS font definitions
)
LaTeX Font Info:    Try loading font information for U+lasy on input line 12.
 (D:\texmf\tex\latex\base\ulasy.fd
File: ulasy.fd 1998/08/17 v2.2e LaTeX symbol font definitions
)
[1

] (chap_gamesem.tex
Chapter 1.
[1


] [2] (proof.tex [3]
LaTeX Font Info:    Try loading font information for OMS+cmr on input line 62.
 (D:\texmf\tex\latex\base\omscmr.fd
File: omscmr.fd 1999/05/25 v2.5h Standard LaTeX font definitions
)
LaTeX Font Info:    Font shape `OMS/cmr/m/n' in size <10> not available
(Font)              Font shape `OMS/cmsy/m/n' tried instead on input line 62.
 <xymatrix 3x1 55>
<xymatrix 3x1 55> <xymatrix 3x1 55> <xymatrix 5x1 104>) [4] (dataref.tex
[5])) [6] (chap_safelambda.tex
Chapter 2.
(safelmd.tex
Overfull \hbox (18.58159pt too wide) in paragraph at lines 16--18
[][]$[] \OT1/cmr/m/n/10 : \OML/cmm/m/it/10 Types [][]\OMS/cmsy/m/n/10 ! \OT1/cm
r/m/n/10 (\U/msb/m/n/10 N\OML/cmm/m/it/10 ; \OMS/cmsy/m/n/10 \OT1/cmr/m/n/10 )
$ with $[](\OML/cmm/m/it/10 o\OT1/cmr/m/n/10 ) = 0$ and $[](\OML/cmm/m/it/10 A 
\OMS/cmsy/m/n/10 ! \OML/cmm/m/it/10 B\OT1/cmr/m/n/10 ) = 1 + []([](\OML/cmm/m/i
t/10 A\OT1/cmr/m/n/10 )\OML/cmm/m/it/10 ; []\OT1/cmr/m/n/10 (\OML/cmm/m/it/10 B
\OT1/cmr/m/n/10 ))$. 
 []

[7



]

Package amsmath Warning: Foreign command \over;
(amsmath)                \frac or \genfrac should be used instead
(amsmath)                 on input line 78.


LaTeX Font Warning: Font shape `U/stmry/b/n' undefined
(Font)              using `U/stmry/m/n' instead on input line 105.

LaTeX Font Info:    Font shape `U/lasy/b/n' in size <7> not available
(Font)              Font shape `U/lasy/m/n' tried instead on input line 105.
LaTeX Font Info:    Font shape `U/lasy/b/n' in size <5> not available
(Font)              Font shape `U/lasy/m/n' tried instead on input line 105.
)
LaTeX Font Info:    Font shape `OMS/cmr/m/it' in size <10> not available
(Font)              Font shape `OMS/cmsy/m/n' tried instead on input line 14.
 [8]
Overfull \hbox (37.16815pt too wide) in alignment at lines 67--77
 [][][] []
 []

[9] [10] [11] <xymatrix 6x1 190> [12] (safenonhomog.tex [13] [14]
Overfull \hbox (24.29878pt too wide) detected at line 238
[] [] \OML/cmm/m/it/10 u \OT1/cmr/m/n/10 = [](\OML/cmm/m/it/10 i \OT1/cmr/m/n/1
0 + [] [] \OML/cmm/m/it/10 ; \OT1/cmr/m/n/10 0) \OML/cmm/m/it/10 i \OMS/cmsy/m/
n/10 2 f \OT1/cmr/m/n/10 1\OML/cmm/m/it/10 ; \OT1/cmr/m/n/10 0\OMS/cmsy/m/n/10 
g
 []

[15])) [16] [17] (main.bbl
Underfull \hbox (badness 2343) in paragraph at lines 18--23
[][]\OT1/cmr/m/n/10 Samson Abram-sky, Pasquale Malacaria, and Radha Ja-gadeesan
.  Full ab-strac-tion for
 []


Underfull \hbox (badness 4454) in paragraph at lines 18--23
\OT1/cmr/m/n/10 PCF.  In \OT1/cmr/m/it/10 The-o-ret-i-cal As-pects of Com-puter
 Soft-ware\OT1/cmr/m/n/10 , pages 1--15, 1994.  URL
 []


Underfull \hbox (badness 1975) in paragraph at lines 33--38
\OT1/cmr/m/n/10 pcf: I, ii, and iii.  \OT1/cmr/m/it/10 Inf. Com-put.\OT1/cmr/m/
n/10 , 163(2):285--408, 2000.  ISSN 0890-5401.  doi:
 []

) [18


] (main.aux (chap_gamesem.aux) (chap_safelambda.aux))

LaTeX Font Warning: Some font shapes were not available, defaults substituted.

 ) 
Here is how much of TeX's memory you used:
 6749 strings out of 95901
 72739 string characters out of 1195329
 207396 words of memory out of 1181996
 9459 multiletter control sequences out of 60000
 27820 words of font info for 115 fonts, out of 1000000 for 2000
 14 hyphenation exceptions out of 4999
 38i,14n,39p,265b,862s stack positions out of 5000i,500n,10000p,200000b,32768s

Output written on main.dvi (19 pages, 116708 bytes).
