This is e-TeX, Version 3.141592-2.2 (MiKTeX 2.4) (preloaded format=latex 2005.11.1)  4 NOV 2005 03:13
entering extended mode
**transformation.tex
(transformation.tex
LaTeX2e <2003/12/01>
Babel <v3.8a> and hyphenation patterns for english, french, german, ngerman, du
mylang, nohyphenation, loaded.
(d:\texmf\tex\latex\base\article.cls
Document Class: article 2004/02/16 v1.4f Standard LaTeX document class
(d:\texmf\tex\latex\base\size10.clo
File: size10.clo 2004/02/16 v1.4f Standard LaTeX file (size option)
)
\c@part=\count79
\c@section=\count80
\c@subsection=\count81
\c@subsubsection=\count82
\c@paragraph=\count83
\c@subparagraph=\count84
\c@figure=\count85
\c@table=\count86
\abovecaptionskip=\skip41
\belowcaptionskip=\skip42
\bibindent=\dimen102
) (d:\texmf\tex\latex\ltxmisc\a4wide.sty
Package: a4wide 1994/08/30

(d:\texmf\tex\latex\ntgclass\a4.sty
Package: a4 2004/04/15 v1.2g A4 based page layout
)) (d:\texmf\tex\latex\ltxmisc\url.sty
\Urlmuskip=\muskip10
Package: url 2004/03/15  ver 3.1  Verb mode for urls, etc.
)
(d:\texmf\tex\latex\listings\listings.sty
(d:\texmf\tex\latex\graphics\keyval.sty
Package: keyval 1999/03/16 v1.13 key=value parser (DPC)
\KV@toks@=\toks14
)
\lst@mode=\count87
\lst@gtempboxa=\box26
\lst@token=\toks15
\lst@length=\count88
\lst@currlwidth=\dimen103
\lst@column=\count89
\lst@pos=\count90
\lst@lostspace=\dimen104
\lst@width=\dimen105
\lst@newlines=\count91
\lst@lineno=\count92
\c@lstlisting=\count93
\lst@maxwidth=\dimen106

(d:\texmf\tex\latex\listings\lstpatch.sty
File: lstpatch.sty 2004/09/07 1.3a (Carsten Heinz)
)
(d:\texmf\tex\latex\listings\lstmisc.sty
File: lstmisc.sty 2004/09/07 1.3 (Carsten Heinz)
\c@lstnumber=\count94
\lst@skipnumbers=\count95
\lst@framebox=\box27
)
(d:\texmf\tex\latex\listings\listings.cfg
File: listings.cfg 2004/09/05 1.3 listings configuration
))
Package: listings 2004/09/07 1.3a (Carsten Heinz)
 (transformation.aux)
LaTeX Font Info:    Checking defaults for OML/cmm/m/it on input line 16.
LaTeX Font Info:    ... okay on input line 16.
LaTeX Font Info:    Checking defaults for T1/cmr/m/n on input line 16.
LaTeX Font Info:    ... okay on input line 16.
LaTeX Font Info:    Checking defaults for OT1/cmr/m/n on input line 16.
LaTeX Font Info:    ... okay on input line 16.
LaTeX Font Info:    Checking defaults for OMS/cmsy/m/n on input line 16.
LaTeX Font Info:    ... okay on input line 16.
LaTeX Font Info:    Checking defaults for OMX/cmex/m/n on input line 16.
LaTeX Font Info:    ... okay on input line 16.
LaTeX Font Info:    Checking defaults for U/cmr/m/n on input line 16.
LaTeX Font Info:    ... okay on input line 16.
LaTeX Font Info:    External font `cmex10' loaded for size
(Font)              <12> on input line 17.
LaTeX Font Info:    External font `cmex10' loaded for size
(Font)              <8> on input line 17.
LaTeX Font Info:    External font `cmex10' loaded for size
(Font)              <6> on input line 17.
LaTeX Font Info:    External font `cmex10' loaded for size
(Font)              <7> on input line 42.
LaTeX Font Info:    External font `cmex10' loaded for size
(Font)              <5> on input line 42.

Underfull \hbox (badness 3158) in paragraph at lines 65--74
[][]\OT1/cmr/m/n/10 For higher-order pro-gram-ming lan-guages,
 []

[1


] (d:\texmf\tex\latex\listings\lstlang1.sty
File: lstlang1.sty 2004/09/05 1.3 listings language file
)
(d:\texmf\tex\latex\listings\lstlang2.sty
File: lstlang2.sty 2004/09/05 1.3 listings language file
)
(d:\texmf\tex\latex\listings\lstmisc.sty
File: lstmisc.sty 2004/09/07 1.3 (Carsten Heinz)
)
LaTeX Font Info:    Try loading font information for OML+cmr on input line 87.
 (d:\texmf\tex\latex\base\omlcmr.fd
File: omlcmr.fd 1999/05/25 v2.5h Standard LaTeX font definitions
)
LaTeX Font Info:    Font shape `OML/cmr/m/n' in size <10> not available
(Font)              Font shape `OML/cmm/m/it' tried instead on input line 87.
LaTeX Font Info:    Try loading font information for OMS+cmr on input line 88.

(d:\texmf\tex\latex\base\omscmr.fd
File: omscmr.fd 1999/05/25 v2.5h Standard LaTeX font definitions
)
LaTeX Font Info:    Font shape `OMS/cmr/m/n' in size <10> not available
(Font)              Font shape `OMS/cmsy/m/n' tried instead on input line 88.

Overfull \hbox (8.70908pt too wide) in paragraph at lines 95--96
[][][][][][][][][][][][][][][][][][] 
 []


Underfull \hbox (badness 1275) in paragraph at lines 141--147
\OT1/cmr/m/n/10 with path queries (reg-u-lar ex-pres-sion) over
 []


Underfull \hbox (badness 1142) in paragraph at lines 141--147
\OT1/cmr/m/n/10 the AST. The fol-low-ing ex-am-ple from [[]]
 []


Underfull \hbox (badness 10000) in paragraph at lines 141--147
\OT1/cmtt/m/n/10 parent+ [?m:Kind("MethodDecl")] child
 []


Underfull \hbox (badness 10000) in paragraph at lines 141--147
\OT1/cmtt/m/n/10 [?dec:Kind("ParamDecl")] & ?dec.name ==
 []


Underfull \vbox (badness 4001) has occurred while \output is active []

 [2]
Underfull \hbox (badness 2012) in paragraph at lines 171--173
[][]\OT1/cmr/m/n/10 Higher-order pat-tern match-ing is a long
 []


Underfull \hbox (badness 10000) in paragraph at lines 197--200
[][]\OT1/cmr/m/n/10 Consider the term $\OML/cmm/m/it/10 M  \OT1/cmr/m/n/10 =
 []

(transformation.bbl
Underfull \hbox (badness 1817) in paragraph at lines 21--24
\OT1/cmr/m/n/10 ide-al-ized al-gol.  \OT1/cmr/m/it/10 Theor. Com-put. Sci.\OT1/
cmr/m/n/10 ,
 []

Missing character: There is no é in font cmr10!
Missing character: There is no é in font cmti10!
Missing character: There is no é in font cmr10!

Underfull \hbox (badness 10000) in paragraph at lines 37--40
[][]\OT1/cmr/m/n/10 University of Kent.  Cat-a-logue of
 []


Underfull \hbox (badness 10000) in paragraph at lines 37--40
\OT1/cmr/m/n/10 haskel refac-tor-ing trans-for-ma-tion.
 []


Overfull \hbox (6.51285pt too wide) in paragraph at lines 37--40
\OT1/cmr/m/n/10 http://www.cs.kent.ac.uk/projects/refactor-
 []


Underfull \hbox (badness 10000) in paragraph at lines 42--45
[][]\OT1/cmr/m/n/10 University of Kent.  Refac-
 []


Underfull \hbox (badness 10000) in paragraph at lines 42--45
\OT1/cmr/m/n/10 tor-ing func-tional pro-grams.
 []


Overfull \hbox (6.51285pt too wide) in paragraph at lines 42--45
\OT1/cmr/m/n/10 http://www.cs.kent.ac.uk/projects/refactor-
 []

Missing character: There is no é in font cmti10!
Missing character: There is no é in font cmr10!
[3]) [4

] (transformation.aux) ) 
Here is how much of TeX's memory you used:
 1824 strings out of 95898
 24002 string characters out of 1195288
 92726 words of memory out of 1084727
 4830 multiletter control sequences out of 35000
 8409 words of font info for 30 fonts, out of 500000 for 1000
 14 hyphenation exceptions out of 607
 26i,7n,59p,754b,1158s stack positions out of 1500i,500n,5000p,200000b,32768s

Output written on transformation.dvi (4 pages, 19292 bytes).
